<?xml version="1.0" encoding="UTF-8"?>
<coverage generated="1581266819364" clover="3.2.0">
  <project timestamp="1581266819364" name="All files">
    <metrics statements="249" coveredstatements="107" conditionals="72" coveredconditionals="20" methods="78" coveredmethods="23" elements="399" coveredelements="150" complexity="0" loc="249" ncloc="249" packages="9" files="42" classes="42"/>
    <package name="film.film-detail">
      <metrics statements="53" coveredstatements="29" conditionals="12" coveredconditionals="7" methods="18" coveredmethods="10"/>
      <file name="actions.js" path="E:\FrontCamp_2019\Lesson1\front_camp_2019_react_module\root\src\features\film\film-detail\actions.js">
        <metrics statements="22" coveredstatements="19" conditionals="6" coveredconditionals="3" methods="9" coveredmethods="9"/>
        <line num="6" count="5" type="stmt"/>
        <line num="7" count="3" type="stmt"/>
        <line num="13" count="5" type="stmt"/>
        <line num="14" count="2" type="stmt"/>
        <line num="20" count="5" type="stmt"/>
        <line num="21" count="1" type="stmt"/>
        <line num="22" count="1" type="stmt"/>
        <line num="24" count="1" type="cond" truecount="1" falsecount="1"/>
        <line num="25" count="1" type="stmt"/>
        <line num="27" count="0" type="stmt"/>
        <line num="32" count="5" type="stmt"/>
        <line num="33" count="1" type="stmt"/>
        <line num="34" count="1" type="stmt"/>
        <line num="36" count="1" type="cond" truecount="1" falsecount="1"/>
        <line num="37" count="1" type="stmt"/>
        <line num="38" count="1" type="stmt"/>
        <line num="42" count="1" type="stmt"/>
        <line num="43" count="1" type="stmt"/>
        <line num="45" count="1" type="cond" truecount="1" falsecount="1"/>
        <line num="46" count="1" type="stmt"/>
        <line num="48" count="0" type="stmt"/>
        <line num="52" count="0" type="stmt"/>
      </file>
      <file name="component.js" path="E:\FrontCamp_2019\Lesson1\front_camp_2019_react_module\root\src\features\film\film-detail\component.js">
        <metrics statements="7" coveredstatements="2" conditionals="2" coveredconditionals="0" methods="2" coveredmethods="0"/>
        <line num="10" count="5" type="stmt"/>
        <line num="11" count="0" type="stmt"/>
        <line num="12" count="0" type="stmt"/>
        <line num="13" count="0" type="cond" truecount="0" falsecount="2"/>
        <line num="16" count="0" type="stmt"/>
        <line num="28" count="0" type="stmt"/>
        <line num="59" count="5" type="stmt"/>
      </file>
      <file name="container.js" path="E:\FrontCamp_2019\Lesson1\front_camp_2019_react_module\root\src\features\film\film-detail\container.js">
        <metrics statements="18" coveredstatements="2" conditionals="0" coveredconditionals="0" methods="6" coveredmethods="0"/>
        <line num="13" count="0" type="stmt"/>
        <line num="14" count="0" type="stmt"/>
        <line num="17" count="0" type="stmt"/>
        <line num="18" count="0" type="stmt"/>
        <line num="19" count="0" type="stmt"/>
        <line num="20" count="0" type="stmt"/>
        <line num="21" count="0" type="stmt"/>
        <line num="22" count="0" type="stmt"/>
        <line num="23" count="0" type="stmt"/>
        <line num="27" count="0" type="stmt"/>
        <line num="28" count="0" type="stmt"/>
        <line num="29" count="0" type="stmt"/>
        <line num="33" count="0" type="stmt"/>
        <line num="34" count="0" type="stmt"/>
        <line num="35" count="0" type="stmt"/>
        <line num="46" count="5" type="stmt"/>
        <line num="47" count="0" type="stmt"/>
        <line num="53" count="5" type="stmt"/>
      </file>
      <file name="index.js" path="E:\FrontCamp_2019\Lesson1\front_camp_2019_react_module\root\src\features\film\film-detail\index.js">
        <metrics statements="0" coveredstatements="0" conditionals="0" coveredconditionals="0" methods="0" coveredmethods="0"/>
      </file>
      <file name="reducer.js" path="E:\FrontCamp_2019\Lesson1\front_camp_2019_react_module\root\src\features\film\film-detail\reducer.js">
        <metrics statements="6" coveredstatements="6" conditionals="4" coveredconditionals="4" methods="1" coveredmethods="1"/>
        <line num="4" count="5" type="stmt"/>
        <line num="9" count="5" type="cond" truecount="1" falsecount="0"/>
        <line num="10" count="3" type="cond" truecount="3" falsecount="0"/>
        <line num="12" count="1" type="stmt"/>
        <line num="18" count="1" type="stmt"/>
        <line num="24" count="1" type="stmt"/>
      </file>
    </package>
    <package name="film.film-detail.components">
      <metrics statements="8" coveredstatements="4" conditionals="6" coveredconditionals="0" methods="2" coveredmethods="0"/>
      <file name="MovieDescriptionComponent.js" path="E:\FrontCamp_2019\Lesson1\front_camp_2019_react_module\root\src\features\film\film-detail\components\MovieDescriptionComponent.js">
        <metrics statements="4" coveredstatements="2" conditionals="0" coveredconditionals="0" methods="1" coveredmethods="0"/>
        <line num="4" count="5" type="stmt"/>
        <line num="5" count="0" type="stmt"/>
        <line num="6" count="0" type="stmt"/>
        <line num="13" count="5" type="stmt"/>
      </file>
      <file name="MovieDescriptionGroupComponent.js" path="E:\FrontCamp_2019\Lesson1\front_camp_2019_react_module\root\src\features\film\film-detail\components\MovieDescriptionGroupComponent.js">
        <metrics statements="4" coveredstatements="2" conditionals="6" coveredconditionals="0" methods="1" coveredmethods="0"/>
        <line num="10" count="5" type="stmt"/>
        <line num="11" count="0" type="stmt"/>
        <line num="12" count="0" type="stmt"/>
        <line num="46" count="5" type="stmt"/>
      </file>
      <file name="index.js" path="E:\FrontCamp_2019\Lesson1\front_camp_2019_react_module\root\src\features\film\film-detail\components\index.js">
        <metrics statements="0" coveredstatements="0" conditionals="0" coveredconditionals="0" methods="0" coveredmethods="0"/>
      </file>
    </package>
    <package name="film.film-list">
      <metrics statements="36" coveredstatements="22" conditionals="12" coveredconditionals="9" methods="12" coveredmethods="6"/>
      <file name="actions.js" path="E:\FrontCamp_2019\Lesson1\front_camp_2019_react_module\root\src\features\film\film-list\actions.js">
        <metrics statements="9" coveredstatements="8" conditionals="2" coveredconditionals="1" methods="5" coveredmethods="5"/>
        <line num="7" count="2" type="stmt"/>
        <line num="14" count="1" type="stmt"/>
        <line num="15" count="1" type="stmt"/>
        <line num="16" count="1" type="stmt"/>
        <line num="18" count="1" type="cond" truecount="1" falsecount="1"/>
        <line num="19" count="1" type="stmt"/>
        <line num="21" count="0" type="stmt"/>
        <line num="27" count="2" type="stmt"/>
        <line num="28" count="1" type="stmt"/>
      </file>
      <file name="component.js" path="E:\FrontCamp_2019\Lesson1\front_camp_2019_react_module\root\src\features\film\film-list\component.js">
        <metrics statements="8" coveredstatements="2" conditionals="2" coveredconditionals="0" methods="2" coveredmethods="0"/>
        <line num="11" count="2" type="stmt"/>
        <line num="12" count="0" type="stmt"/>
        <line num="13" count="0" type="stmt"/>
        <line num="14" count="0" type="stmt"/>
        <line num="15" count="0" type="cond" truecount="0" falsecount="2"/>
        <line num="18" count="0" type="stmt"/>
        <line num="31" count="0" type="stmt"/>
        <line num="59" count="2" type="stmt"/>
      </file>
      <file name="container.js" path="E:\FrontCamp_2019\Lesson1\front_camp_2019_react_module\root\src\features\film\film-list\container.js">
        <metrics statements="9" coveredstatements="2" conditionals="0" coveredconditionals="0" methods="4" coveredmethods="0"/>
        <line num="13" count="0" type="stmt"/>
        <line num="14" count="0" type="stmt"/>
        <line num="18" count="0" type="stmt"/>
        <line num="19" count="0" type="stmt"/>
        <line num="20" count="0" type="stmt"/>
        <line num="21" count="0" type="stmt"/>
        <line num="30" count="2" type="stmt"/>
        <line num="31" count="0" type="stmt"/>
        <line num="36" count="2" type="stmt"/>
      </file>
      <file name="index.js" path="E:\FrontCamp_2019\Lesson1\front_camp_2019_react_module\root\src\features\film\film-list\index.js">
        <metrics statements="0" coveredstatements="0" conditionals="0" coveredconditionals="0" methods="0" coveredmethods="0"/>
      </file>
      <file name="reducer.js" path="E:\FrontCamp_2019\Lesson1\front_camp_2019_react_module\root\src\features\film\film-list\reducer.js">
        <metrics statements="10" coveredstatements="10" conditionals="8" coveredconditionals="8" methods="1" coveredmethods="1"/>
        <line num="3" count="2" type="stmt"/>
        <line num="12" count="2" type="cond" truecount="1" falsecount="0"/>
        <line num="13" count="7" type="cond" truecount="7" falsecount="0"/>
        <line num="15" count="1" type="stmt"/>
        <line num="20" count="1" type="stmt"/>
        <line num="26" count="1" type="stmt"/>
        <line num="32" count="1" type="stmt"/>
        <line num="38" count="1" type="stmt"/>
        <line num="44" count="1" type="stmt"/>
        <line num="51" count="1" type="stmt"/>
      </file>
    </package>
    <package name="film.film-list.search-container">
      <metrics statements="21" coveredstatements="4" conditionals="0" coveredconditionals="0" methods="7" coveredmethods="0"/>
      <file name="component.js" path="E:\FrontCamp_2019\Lesson1\front_camp_2019_react_module\root\src\features\film\film-list\search-container\component.js">
        <metrics statements="4" coveredstatements="2" conditionals="0" coveredconditionals="0" methods="1" coveredmethods="0"/>
        <line num="10" count="2" type="stmt"/>
        <line num="11" count="0" type="stmt"/>
        <line num="12" count="0" type="stmt"/>
        <line num="32" count="2" type="stmt"/>
      </file>
      <file name="container.js" path="E:\FrontCamp_2019\Lesson1\front_camp_2019_react_module\root\src\features\film\film-list\search-container\container.js">
        <metrics statements="17" coveredstatements="2" conditionals="0" coveredconditionals="0" methods="6" coveredmethods="0"/>
        <line num="11" count="0" type="stmt"/>
        <line num="12" count="0" type="stmt"/>
        <line num="15" count="0" type="stmt"/>
        <line num="16" count="0" type="stmt"/>
        <line num="17" count="0" type="stmt"/>
        <line num="18" count="0" type="stmt"/>
        <line num="19" count="0" type="stmt"/>
        <line num="26" count="0" type="stmt"/>
        <line num="29" count="0" type="stmt"/>
        <line num="30" count="0" type="stmt"/>
        <line num="31" count="0" type="stmt"/>
        <line num="32" count="0" type="stmt"/>
        <line num="33" count="0" type="stmt"/>
        <line num="37" count="0" type="stmt"/>
        <line num="46" count="2" type="stmt"/>
        <line num="47" count="0" type="stmt"/>
        <line num="54" count="2" type="stmt"/>
      </file>
      <file name="index.js" path="E:\FrontCamp_2019\Lesson1\front_camp_2019_react_module\root\src\features\film\film-list\search-container\index.js">
        <metrics statements="0" coveredstatements="0" conditionals="0" coveredconditionals="0" methods="0" coveredmethods="0"/>
      </file>
    </package>
    <package name="film.shared.components">
      <metrics statements="31" coveredstatements="15" conditionals="0" coveredconditionals="0" methods="9" coveredmethods="0"/>
      <file name="ButtonComponent.js" path="E:\FrontCamp_2019\Lesson1\front_camp_2019_react_module\root\src\features\film\shared\components\ButtonComponent.js">
        <metrics statements="4" coveredstatements="2" conditionals="0" coveredconditionals="0" methods="1" coveredmethods="0"/>
        <line num="5" count="5" type="stmt"/>
        <line num="6" count="0" type="stmt"/>
        <line num="7" count="0" type="stmt"/>
        <line num="14" count="5" type="stmt"/>
      </file>
      <file name="CardComponent.js" path="E:\FrontCamp_2019\Lesson1\front_camp_2019_react_module\root\src\features\film\shared\components\CardComponent.js">
        <metrics statements="4" coveredstatements="2" conditionals="0" coveredconditionals="0" methods="1" coveredmethods="0"/>
        <line num="7" count="5" type="stmt"/>
        <line num="8" count="0" type="stmt"/>
        <line num="9" count="0" type="stmt"/>
        <line num="18" count="5" type="stmt"/>
      </file>
      <file name="EmptyMoviesGroupComponent.js" path="E:\FrontCamp_2019\Lesson1\front_camp_2019_react_module\root\src\features\film\shared\components\EmptyMoviesGroupComponent.js">
        <metrics statements="4" coveredstatements="2" conditionals="0" coveredconditionals="0" methods="1" coveredmethods="0"/>
        <line num="7" count="5" type="stmt"/>
        <line num="8" count="0" type="stmt"/>
        <line num="9" count="0" type="stmt"/>
        <line num="19" count="5" type="stmt"/>
      </file>
      <file name="HeaderComponent.js" path="E:\FrontCamp_2019\Lesson1\front_camp_2019_react_module\root\src\features\film\shared\components\HeaderComponent.js">
        <metrics statements="4" coveredstatements="2" conditionals="0" coveredconditionals="0" methods="1" coveredmethods="0"/>
        <line num="4" count="5" type="stmt"/>
        <line num="5" count="0" type="stmt"/>
        <line num="6" count="0" type="stmt"/>
        <line num="13" count="5" type="stmt"/>
      </file>
      <file name="ImgComponent.js" path="E:\FrontCamp_2019\Lesson1\front_camp_2019_react_module\root\src\features\film\shared\components\ImgComponent.js">
        <metrics statements="4" coveredstatements="2" conditionals="0" coveredconditionals="0" methods="1" coveredmethods="0"/>
        <line num="4" count="5" type="stmt"/>
        <line num="5" count="0" type="stmt"/>
        <line num="6" count="0" type="stmt"/>
        <line num="13" count="5" type="stmt"/>
      </file>
      <file name="InvalidUrlComponent.js" path="E:\FrontCamp_2019\Lesson1\front_camp_2019_react_module\root\src\features\film\shared\components\InvalidUrlComponent.js">
        <metrics statements="2" coveredstatements="1" conditionals="0" coveredconditionals="0" methods="1" coveredmethods="0"/>
        <line num="3" count="5" type="stmt"/>
        <line num="4" count="0" type="stmt"/>
      </file>
      <file name="LabelComponent.js" path="E:\FrontCamp_2019\Lesson1\front_camp_2019_react_module\root\src\features\film\shared\components\LabelComponent.js">
        <metrics statements="4" coveredstatements="2" conditionals="0" coveredconditionals="0" methods="1" coveredmethods="0"/>
        <line num="4" count="5" type="stmt"/>
        <line num="5" count="0" type="stmt"/>
        <line num="6" count="0" type="stmt"/>
        <line num="13" count="5" type="stmt"/>
      </file>
      <file name="MoviesGroupComponent.js" path="E:\FrontCamp_2019\Lesson1\front_camp_2019_react_module\root\src\features\film\shared\components\MoviesGroupComponent.js">
        <metrics statements="5" coveredstatements="2" conditionals="0" coveredconditionals="0" methods="2" coveredmethods="0"/>
        <line num="7" count="5" type="stmt"/>
        <line num="8" count="0" type="stmt"/>
        <line num="9" count="0" type="stmt"/>
        <line num="12" count="0" type="stmt"/>
        <line num="22" count="5" type="stmt"/>
      </file>
      <file name="index.js" path="E:\FrontCamp_2019\Lesson1\front_camp_2019_react_module\root\src\features\film\shared\components\index.js">
        <metrics statements="0" coveredstatements="0" conditionals="0" coveredconditionals="0" methods="0" coveredmethods="0"/>
      </file>
    </package>
    <package name="film.shared.containers.error-container">
      <metrics statements="25" coveredstatements="13" conditionals="6" coveredconditionals="4" methods="10" coveredmethods="3"/>
      <file name="actions.js" path="E:\FrontCamp_2019\Lesson1\front_camp_2019_react_module\root\src\features\film\shared\containers\error-container\actions.js">
        <metrics statements="4" coveredstatements="4" conditionals="0" coveredconditionals="0" methods="2" coveredmethods="2"/>
        <line num="3" count="2" type="stmt"/>
        <line num="4" count="1" type="stmt"/>
        <line num="10" count="2" type="stmt"/>
        <line num="11" count="1" type="stmt"/>
      </file>
      <file name="component.js" path="E:\FrontCamp_2019\Lesson1\front_camp_2019_react_module\root\src\features\film\shared\containers\error-container\component.js">
        <metrics statements="4" coveredstatements="1" conditionals="0" coveredconditionals="0" methods="2" coveredmethods="0"/>
        <line num="4" count="2" type="stmt"/>
        <line num="5" count="0" type="stmt"/>
        <line num="6" count="0" type="stmt"/>
        <line num="7" count="0" type="stmt"/>
      </file>
      <file name="container.js" path="E:\FrontCamp_2019\Lesson1\front_camp_2019_react_module\root\src\features\film\shared\containers\error-container\container.js">
        <metrics statements="11" coveredstatements="2" conditionals="2" coveredconditionals="0" methods="5" coveredmethods="0"/>
        <line num="10" count="0" type="stmt"/>
        <line num="11" count="0" type="stmt"/>
        <line num="15" count="0" type="stmt"/>
        <line num="16" count="0" type="stmt"/>
        <line num="20" count="0" type="stmt"/>
        <line num="21" count="0" type="cond" truecount="0" falsecount="2"/>
        <line num="22" count="0" type="stmt"/>
        <line num="29" count="0" type="stmt"/>
        <line num="33" count="2" type="stmt"/>
        <line num="34" count="0" type="stmt"/>
        <line num="40" count="2" type="stmt"/>
      </file>
      <file name="index.js" path="E:\FrontCamp_2019\Lesson1\front_camp_2019_react_module\root\src\features\film\shared\containers\error-container\index.js">
        <metrics statements="0" coveredstatements="0" conditionals="0" coveredconditionals="0" methods="0" coveredmethods="0"/>
      </file>
      <file name="reducer.js" path="E:\FrontCamp_2019\Lesson1\front_camp_2019_react_module\root\src\features\film\shared\containers\error-container\reducer.js">
        <metrics statements="6" coveredstatements="6" conditionals="4" coveredconditionals="4" methods="1" coveredmethods="1"/>
        <line num="3" count="2" type="stmt"/>
        <line num="8" count="2" type="cond" truecount="1" falsecount="0"/>
        <line num="9" count="3" type="cond" truecount="3" falsecount="0"/>
        <line num="11" count="1" type="stmt"/>
        <line num="17" count="1" type="stmt"/>
        <line num="23" count="1" type="stmt"/>
      </file>
    </package>
    <package name="film.shared.containers.movie-card-container">
      <metrics statements="23" coveredstatements="4" conditionals="2" coveredconditionals="0" methods="9" coveredmethods="0"/>
      <file name="component.js" path="E:\FrontCamp_2019\Lesson1\front_camp_2019_react_module\root\src\features\film\shared\containers\movie-card-container\component.js">
        <metrics statements="4" coveredstatements="2" conditionals="0" coveredconditionals="0" methods="1" coveredmethods="0"/>
        <line num="7" count="5" type="stmt"/>
        <line num="8" count="0" type="stmt"/>
        <line num="9" count="0" type="stmt"/>
        <line num="21" count="5" type="stmt"/>
      </file>
      <file name="container.js" path="E:\FrontCamp_2019\Lesson1\front_camp_2019_react_module\root\src\features\film\shared\containers\movie-card-container\container.js">
        <metrics statements="19" coveredstatements="2" conditionals="2" coveredconditionals="0" methods="8" coveredmethods="0"/>
        <line num="13" count="0" type="stmt"/>
        <line num="14" count="0" type="stmt"/>
        <line num="17" count="0" type="stmt"/>
        <line num="18" count="0" type="stmt"/>
        <line num="19" count="0" type="stmt"/>
        <line num="22" count="0" type="stmt"/>
        <line num="23" count="0" type="stmt"/>
        <line num="24" count="0" type="stmt"/>
        <line num="25" count="0" type="stmt"/>
        <line num="26" count="0" type="stmt"/>
        <line num="27" count="0" type="stmt"/>
        <line num="31" count="0" type="stmt"/>
        <line num="35" count="0" type="stmt"/>
        <line num="36" count="0" type="stmt"/>
        <line num="40" count="0" type="stmt"/>
        <line num="41" count="0" type="stmt"/>
        <line num="47" count="5" type="stmt"/>
        <line num="48" count="0" type="stmt"/>
        <line num="53" count="5" type="stmt"/>
      </file>
      <file name="index.js" path="E:\FrontCamp_2019\Lesson1\front_camp_2019_react_module\root\src\features\film\shared\containers\movie-card-container\index.js">
        <metrics statements="0" coveredstatements="0" conditionals="0" coveredconditionals="0" methods="0" coveredmethods="0"/>
      </file>
    </package>
    <package name="film.shared.containers.option-container">
      <metrics statements="48" coveredstatements="12" conditionals="34" coveredconditionals="0" methods="11" coveredmethods="4"/>
      <file name="actions.js" path="E:\FrontCamp_2019\Lesson1\front_camp_2019_react_module\root\src\features\film\shared\containers\option-container\actions.js">
        <metrics statements="8" coveredstatements="8" conditionals="0" coveredconditionals="0" methods="4" coveredmethods="4"/>
        <line num="3" count="3" type="stmt"/>
        <line num="4" count="1" type="stmt"/>
        <line num="10" count="3" type="stmt"/>
        <line num="11" count="1" type="stmt"/>
        <line num="17" count="3" type="stmt"/>
        <line num="18" count="1" type="stmt"/>
        <line num="24" count="3" type="stmt"/>
        <line num="25" count="1" type="stmt"/>
      </file>
      <file name="component.js" path="E:\FrontCamp_2019\Lesson1\front_camp_2019_react_module\root\src\features\film\shared\containers\option-container\component.js">
        <metrics statements="12" coveredstatements="2" conditionals="24" coveredconditionals="0" methods="1" coveredmethods="0"/>
        <line num="9" count="3" type="stmt"/>
        <line num="10" count="0" type="stmt"/>
        <line num="11" count="0" type="cond" truecount="0" falsecount="2"/>
        <line num="12" count="0" type="cond" truecount="0" falsecount="2"/>
        <line num="13" count="0" type="cond" truecount="0" falsecount="2"/>
        <line num="14" count="0" type="cond" truecount="0" falsecount="2"/>
        <line num="15" count="0" type="cond" truecount="0" falsecount="2"/>
        <line num="16" count="0" type="cond" truecount="0" falsecount="2"/>
        <line num="17" count="0" type="cond" truecount="0" falsecount="2"/>
        <line num="20" count="0" type="cond" truecount="0" falsecount="2"/>
        <line num="23" count="0" type="stmt"/>
        <line num="39" count="3" type="stmt"/>
      </file>
      <file name="container.js" path="E:\FrontCamp_2019\Lesson1\front_camp_2019_react_module\root\src\features\film\shared\containers\option-container\container.js">
        <metrics statements="28" coveredstatements="2" conditionals="10" coveredconditionals="0" methods="6" coveredmethods="0"/>
        <line num="13" count="0" type="stmt"/>
        <line num="14" count="0" type="stmt"/>
        <line num="15" count="0" type="stmt"/>
        <line num="18" count="0" type="stmt"/>
        <line num="19" count="0" type="stmt"/>
        <line num="20" count="0" type="stmt"/>
        <line num="21" count="0" type="cond" truecount="0" falsecount="2"/>
        <line num="22" count="0" type="cond" truecount="0" falsecount="2"/>
        <line num="25" count="0" type="stmt"/>
        <line num="26" count="0" type="stmt"/>
        <line num="27" count="0" type="cond" truecount="0" falsecount="2"/>
        <line num="28" count="0" type="cond" truecount="0" falsecount="2"/>
        <line num="31" count="0" type="stmt"/>
        <line num="32" count="0" type="stmt"/>
        <line num="37" count="0" type="stmt"/>
        <line num="38" count="0" type="stmt"/>
        <line num="39" count="0" type="stmt"/>
        <line num="40" count="0" type="stmt"/>
        <line num="41" count="0" type="cond" truecount="0" falsecount="2"/>
        <line num="42" count="0" type="stmt"/>
        <line num="44" count="0" type="stmt"/>
        <line num="46" count="0" type="stmt"/>
        <line num="50" count="0" type="stmt"/>
        <line num="51" count="0" type="stmt"/>
        <line num="62" count="3" type="stmt"/>
        <line num="63" count="0" type="stmt"/>
        <line num="69" count="3" type="stmt"/>
        <line num="70" count="0" type="stmt"/>
      </file>
      <file name="index.js" path="E:\FrontCamp_2019\Lesson1\front_camp_2019_react_module\root\src\features\film\shared\containers\option-container\index.js">
        <metrics statements="0" coveredstatements="0" conditionals="0" coveredconditionals="0" methods="0" coveredmethods="0"/>
      </file>
    </package>
    <package name="shared.constants">
      <metrics statements="4" coveredstatements="4" conditionals="0" coveredconditionals="0" methods="0" coveredmethods="0"/>
      <file name="Actions.js" path="E:\FrontCamp_2019\Lesson1\front_camp_2019_react_module\root\src\features\shared\constants\Actions.js">
        <metrics statements="1" coveredstatements="1" conditionals="0" coveredconditionals="0" methods="0" coveredmethods="0"/>
        <line num="1" count="7" type="stmt"/>
      </file>
      <file name="Constants.js" path="E:\FrontCamp_2019\Lesson1\front_camp_2019_react_module\root\src\features\shared\constants\Constants.js">
        <metrics statements="1" coveredstatements="1" conditionals="0" coveredconditionals="0" methods="0" coveredmethods="0"/>
        <line num="1" count="7" type="stmt"/>
      </file>
      <file name="Content.js" path="E:\FrontCamp_2019\Lesson1\front_camp_2019_react_module\root\src\features\shared\constants\Content.js">
        <metrics statements="1" coveredstatements="1" conditionals="0" coveredconditionals="0" methods="0" coveredmethods="0"/>
        <line num="1" count="7" type="stmt"/>
      </file>
      <file name="ElementsOption.js" path="E:\FrontCamp_2019\Lesson1\front_camp_2019_react_module\root\src\features\shared\constants\ElementsOption.js">
        <metrics statements="1" coveredstatements="1" conditionals="0" coveredconditionals="0" methods="0" coveredmethods="0"/>
        <line num="1" count="7" type="stmt"/>
      </file>
      <file name="index.js" path="E:\FrontCamp_2019\Lesson1\front_camp_2019_react_module\root\src\features\shared\constants\index.js">
        <metrics statements="0" coveredstatements="0" conditionals="0" coveredconditionals="0" methods="0" coveredmethods="0"/>
      </file>
    </package>
  </project>
</coverage>
