{"E:\\FrontCamp_2019\\Lesson1\\front_camp_2019_react_module\\root\\src\\features\\film\\film-detail\\actions.js": {"path":"E:\\FrontCamp_2019\\Lesson1\\front_camp_2019_react_module\\root\\src\\features\\film\\film-detail\\actions.js","statementMap":{"0":{"start":{"line":6,"column":32},"end":{"line":11,"column":1}},"1":{"start":{"line":7,"column":4},"end":{"line":10,"column":5}},"2":{"start":{"line":13,"column":28},"end":{"line":18,"column":1}},"3":{"start":{"line":14,"column":4},"end":{"line":17,"column":5}},"4":{"start":{"line":20,"column":38},"end":{"line":30,"column":1}},"5":{"start":{"line":20,"column":50},"end":{"line":30,"column":1}},"6":{"start":{"line":21,"column":16},"end":{"line":21,"column":55}},"7":{"start":{"line":22,"column":4},"end":{"line":29,"column":11}},"8":{"start":{"line":24,"column":12},"end":{"line":28,"column":13}},"9":{"start":{"line":25,"column":16},"end":{"line":25,"column":56}},"10":{"start":{"line":27,"column":16},"end":{"line":27,"column":47}},"11":{"start":{"line":32,"column":34},"end":{"line":55,"column":1}},"12":{"start":{"line":32,"column":42},"end":{"line":55,"column":1}},"13":{"start":{"line":33,"column":16},"end":{"line":33,"column":57}},"14":{"start":{"line":34,"column":4},"end":{"line":54,"column":11}},"15":{"start":{"line":36,"column":12},"end":{"line":53,"column":13}},"16":{"start":{"line":37,"column":16},"end":{"line":37,"column":47}},"17":{"start":{"line":38,"column":31},"end":{"line":41,"column":22}},"18":{"start":{"line":42,"column":28},"end":{"line":42,"column":67}},"19":{"start":{"line":43,"column":16},"end":{"line":50,"column":22}},"20":{"start":{"line":45,"column":24},"end":{"line":49,"column":25}},"21":{"start":{"line":46,"column":28},"end":{"line":46,"column":68}},"22":{"start":{"line":48,"column":28},"end":{"line":48,"column":59}},"23":{"start":{"line":52,"column":16},"end":{"line":52,"column":43}}},"fnMap":{"0":{"name":"(anonymous_0)","decl":{"start":{"line":6,"column":32},"end":{"line":6,"column":33}},"loc":{"start":{"line":6,"column":42},"end":{"line":11,"column":1}},"line":6},"1":{"name":"(anonymous_1)","decl":{"start":{"line":13,"column":28},"end":{"line":13,"column":29}},"loc":{"start":{"line":13,"column":38},"end":{"line":18,"column":1}},"line":13},"2":{"name":"(anonymous_2)","decl":{"start":{"line":20,"column":38},"end":{"line":20,"column":39}},"loc":{"start":{"line":20,"column":50},"end":{"line":30,"column":1}},"line":20},"3":{"name":"(anonymous_3)","decl":{"start":{"line":20,"column":50},"end":{"line":20,"column":51}},"loc":{"start":{"line":20,"column":64},"end":{"line":30,"column":1}},"line":20},"4":{"name":"(anonymous_4)","decl":{"start":{"line":23,"column":14},"end":{"line":23,"column":15}},"loc":{"start":{"line":23,"column":24},"end":{"line":29,"column":9}},"line":23},"5":{"name":"(anonymous_5)","decl":{"start":{"line":32,"column":34},"end":{"line":32,"column":35}},"loc":{"start":{"line":32,"column":42},"end":{"line":55,"column":1}},"line":32},"6":{"name":"(anonymous_6)","decl":{"start":{"line":32,"column":42},"end":{"line":32,"column":43}},"loc":{"start":{"line":32,"column":56},"end":{"line":55,"column":1}},"line":32},"7":{"name":"(anonymous_7)","decl":{"start":{"line":35,"column":14},"end":{"line":35,"column":15}},"loc":{"start":{"line":35,"column":24},"end":{"line":54,"column":9}},"line":35},"8":{"name":"(anonymous_8)","decl":{"start":{"line":44,"column":26},"end":{"line":44,"column":27}},"loc":{"start":{"line":44,"column":36},"end":{"line":50,"column":21}},"line":44}},"branchMap":{"0":{"loc":{"start":{"line":24,"column":12},"end":{"line":28,"column":13}},"type":"if","locations":[{"start":{"line":24,"column":12},"end":{"line":28,"column":13}},{"start":{"line":24,"column":12},"end":{"line":28,"column":13}}],"line":24},"1":{"loc":{"start":{"line":36,"column":12},"end":{"line":53,"column":13}},"type":"if","locations":[{"start":{"line":36,"column":12},"end":{"line":53,"column":13}},{"start":{"line":36,"column":12},"end":{"line":53,"column":13}}],"line":36},"2":{"loc":{"start":{"line":45,"column":24},"end":{"line":49,"column":25}},"type":"if","locations":[{"start":{"line":45,"column":24},"end":{"line":49,"column":25}},{"start":{"line":45,"column":24},"end":{"line":49,"column":25}}],"line":45}},"s":{"0":5,"1":3,"2":5,"3":2,"4":5,"5":1,"6":1,"7":1,"8":1,"9":1,"10":0,"11":5,"12":1,"13":1,"14":1,"15":1,"16":1,"17":1,"18":1,"19":1,"20":1,"21":1,"22":0,"23":0},"f":{"0":3,"1":2,"2":1,"3":1,"4":1,"5":1,"6":1,"7":1,"8":1},"b":{"0":[1,0],"1":[1,0],"2":[1,0]},"_coverageSchema":"43e27e138ebf9cfc5966b082cf9a028302ed4184","hash":"7f96a0cd2396032fc6694e1e39fc955314ef7d75"}
,"E:\\FrontCamp_2019\\Lesson1\\front_camp_2019_react_module\\root\\src\\features\\film\\film-detail\\component.js": {"path":"E:\\FrontCamp_2019\\Lesson1\\front_camp_2019_react_module\\root\\src\\features\\film\\film-detail\\component.js","statementMap":{"0":{"start":{"line":10,"column":29},"end":{"line":57,"column":1}},"1":{"start":{"line":11,"column":53},"end":{"line":11,"column":58}},"2":{"start":{"line":12,"column":13},"end":{"line":12,"column":14}},"3":{"start":{"line":13,"column":23},"end":{"line":27,"column":40}},"4":{"start":{"line":16,"column":20},"end":{"line":21,"column":26}},"5":{"start":{"line":28,"column":4},"end":{"line":56,"column":5}},"6":{"start":{"line":59,"column":0},"end":{"line":63,"column":1}}},"fnMap":{"0":{"name":"(anonymous_0)","decl":{"start":{"line":10,"column":29},"end":{"line":10,"column":30}},"loc":{"start":{"line":10,"column":40},"end":{"line":57,"column":1}},"line":10},"1":{"name":"(anonymous_1)","decl":{"start":{"line":15,"column":29},"end":{"line":15,"column":30}},"loc":{"start":{"line":16,"column":20},"end":{"line":21,"column":26}},"line":16}},"branchMap":{"0":{"loc":{"start":{"line":13,"column":23},"end":{"line":27,"column":40}},"type":"cond-expr","locations":[{"start":{"line":14,"column":12},"end":{"line":23,"column":18}},{"start":{"line":24,"column":12},"end":{"line":27,"column":40}}],"line":13}},"s":{"0":5,"1":0,"2":0,"3":0,"4":0,"5":0,"6":5},"f":{"0":0,"1":0},"b":{"0":[0,0]},"_coverageSchema":"43e27e138ebf9cfc5966b082cf9a028302ed4184","hash":"273295f35aef8a8c21cba48946e248f836758cad"}
,"E:\\FrontCamp_2019\\Lesson1\\front_camp_2019_react_module\\root\\src\\features\\film\\film-detail\\container.js": {"path":"E:\\FrontCamp_2019\\Lesson1\\front_camp_2019_react_module\\root\\src\\features\\film\\film-detail\\container.js","statementMap":{"0":{"start":{"line":13,"column":8},"end":{"line":13,"column":21}},"1":{"start":{"line":14,"column":8},"end":{"line":14,"column":27}},"2":{"start":{"line":17,"column":28},"end":{"line":24,"column":5}},"3":{"start":{"line":18,"column":8},"end":{"line":18,"column":31}},"4":{"start":{"line":19,"column":28},"end":{"line":19,"column":38}},"5":{"start":{"line":20,"column":33},"end":{"line":20,"column":43}},"6":{"start":{"line":21,"column":8},"end":{"line":21,"column":44}},"7":{"start":{"line":22,"column":8},"end":{"line":22,"column":29}},"8":{"start":{"line":23,"column":8},"end":{"line":23,"column":32}},"9":{"start":{"line":27,"column":20},"end":{"line":27,"column":43}},"10":{"start":{"line":28,"column":39},"end":{"line":28,"column":49}},"11":{"start":{"line":29,"column":8},"end":{"line":29,"column":35}},"12":{"start":{"line":33,"column":26},"end":{"line":33,"column":36}},"13":{"start":{"line":34,"column":23},"end":{"line":34,"column":69}},"14":{"start":{"line":35,"column":8},"end":{"line":42,"column":9}},"15":{"start":{"line":46,"column":24},"end":{"line":51,"column":1}},"16":{"start":{"line":47,"column":4},"end":{"line":50,"column":5}},"17":{"start":{"line":53,"column":27},"end":{"line":58,"column":2}},"18":{"start":{"line":53,"column":42},"end":{"line":58,"column":1}}},"fnMap":{"0":{"name":"(anonymous_0)","decl":{"start":{"line":12,"column":4},"end":{"line":12,"column":5}},"loc":{"start":{"line":12,"column":23},"end":{"line":15,"column":5}},"line":12},"1":{"name":"(anonymous_1)","decl":{"start":{"line":17,"column":28},"end":{"line":17,"column":29}},"loc":{"start":{"line":17,"column":39},"end":{"line":24,"column":5}},"line":17},"2":{"name":"(anonymous_2)","decl":{"start":{"line":26,"column":4},"end":{"line":26,"column":5}},"loc":{"start":{"line":26,"column":23},"end":{"line":30,"column":5}},"line":26},"3":{"name":"(anonymous_3)","decl":{"start":{"line":32,"column":4},"end":{"line":32,"column":5}},"loc":{"start":{"line":32,"column":13},"end":{"line":43,"column":5}},"line":32},"4":{"name":"(anonymous_4)","decl":{"start":{"line":46,"column":24},"end":{"line":46,"column":25}},"loc":{"start":{"line":46,"column":35},"end":{"line":51,"column":1}},"line":46},"5":{"name":"(anonymous_5)","decl":{"start":{"line":53,"column":27},"end":{"line":53,"column":28}},"loc":{"start":{"line":53,"column":42},"end":{"line":58,"column":1}},"line":53}},"branchMap":{},"s":{"0":0,"1":0,"2":0,"3":0,"4":0,"5":0,"6":0,"7":0,"8":0,"9":0,"10":0,"11":0,"12":0,"13":0,"14":0,"15":5,"16":0,"17":5,"18":0},"f":{"0":0,"1":0,"2":0,"3":0,"4":0,"5":0},"b":{},"_coverageSchema":"43e27e138ebf9cfc5966b082cf9a028302ed4184","hash":"dfa32c380b50ca0c8117749f9c527a4afcabf4de"}
,"E:\\FrontCamp_2019\\Lesson1\\front_camp_2019_react_module\\root\\src\\features\\film\\film-detail\\index.js": {"path":"E:\\FrontCamp_2019\\Lesson1\\front_camp_2019_react_module\\root\\src\\features\\film\\film-detail\\index.js","statementMap":{},"fnMap":{},"branchMap":{},"s":{},"f":{},"b":{},"_coverageSchema":"43e27e138ebf9cfc5966b082cf9a028302ed4184","hash":"996e752622fdd0271c62cf80330037410e79827b"}
,"E:\\FrontCamp_2019\\Lesson1\\front_camp_2019_react_module\\root\\src\\features\\film\\film-detail\\reducer.js": {"path":"E:\\FrontCamp_2019\\Lesson1\\front_camp_2019_react_module\\root\\src\\features\\film\\film-detail\\reducer.js","statementMap":{"0":{"start":{"line":4,"column":18},"end":{"line":7,"column":1}},"1":{"start":{"line":9,"column":22},"end":{"line":27,"column":1}},"2":{"start":{"line":10,"column":4},"end":{"line":26,"column":5}},"3":{"start":{"line":12,"column":12},"end":{"line":15,"column":13}},"4":{"start":{"line":18,"column":12},"end":{"line":21,"column":13}},"5":{"start":{"line":24,"column":12},"end":{"line":24,"column":25}}},"fnMap":{"0":{"name":"(anonymous_0)","decl":{"start":{"line":9,"column":22},"end":{"line":9,"column":23}},"loc":{"start":{"line":9,"column":53},"end":{"line":27,"column":1}},"line":9}},"branchMap":{"0":{"loc":{"start":{"line":9,"column":23},"end":{"line":9,"column":40}},"type":"default-arg","locations":[{"start":{"line":9,"column":31},"end":{"line":9,"column":40}}],"line":9},"1":{"loc":{"start":{"line":10,"column":4},"end":{"line":26,"column":5}},"type":"switch","locations":[{"start":{"line":11,"column":8},"end":{"line":16,"column":9}},{"start":{"line":17,"column":8},"end":{"line":22,"column":9}},{"start":{"line":23,"column":8},"end":{"line":25,"column":9}}],"line":10}},"s":{"0":5,"1":5,"2":3,"3":1,"4":1,"5":1},"f":{"0":3},"b":{"0":[1],"1":[1,1,1]},"_coverageSchema":"43e27e138ebf9cfc5966b082cf9a028302ed4184","hash":"4c7f8853697ffc9bfb88f11f4b7711512d18f27a"}
,"E:\\FrontCamp_2019\\Lesson1\\front_camp_2019_react_module\\root\\src\\features\\film\\film-detail\\components\\MovieDescriptionComponent.js": {"path":"E:\\FrontCamp_2019\\Lesson1\\front_camp_2019_react_module\\root\\src\\features\\film\\film-detail\\components\\MovieDescriptionComponent.js","statementMap":{"0":{"start":{"line":4,"column":34},"end":{"line":11,"column":1}},"1":{"start":{"line":5,"column":31},"end":{"line":5,"column":36}},"2":{"start":{"line":6,"column":4},"end":{"line":10,"column":5}},"3":{"start":{"line":13,"column":0},"end":{"line":16,"column":1}}},"fnMap":{"0":{"name":"(anonymous_0)","decl":{"start":{"line":4,"column":34},"end":{"line":4,"column":35}},"loc":{"start":{"line":4,"column":45},"end":{"line":11,"column":1}},"line":4}},"branchMap":{},"s":{"0":5,"1":0,"2":0,"3":5},"f":{"0":0},"b":{},"_coverageSchema":"43e27e138ebf9cfc5966b082cf9a028302ed4184","hash":"ead1ff0ceb31c541fa27321ebed6ab6e96d65295"}
,"E:\\FrontCamp_2019\\Lesson1\\front_camp_2019_react_module\\root\\src\\features\\film\\film-detail\\components\\MovieDescriptionGroupComponent.js": {"path":"E:\\FrontCamp_2019\\Lesson1\\front_camp_2019_react_module\\root\\src\\features\\film\\film-detail\\components\\MovieDescriptionGroupComponent.js","statementMap":{"0":{"start":{"line":10,"column":39},"end":{"line":44,"column":1}},"1":{"start":{"line":11,"column":22},"end":{"line":11,"column":27}},"2":{"start":{"line":12,"column":4},"end":{"line":43,"column":5}},"3":{"start":{"line":46,"column":0},"end":{"line":48,"column":1}}},"fnMap":{"0":{"name":"(anonymous_0)","decl":{"start":{"line":10,"column":39},"end":{"line":10,"column":40}},"loc":{"start":{"line":10,"column":50},"end":{"line":44,"column":1}},"line":10}},"branchMap":{"0":{"loc":{"start":{"line":31,"column":32},"end":{"line":31,"column":123}},"type":"cond-expr","locations":[{"start":{"line":31,"column":53},"end":{"line":31,"column":118}},{"start":{"line":31,"column":121},"end":{"line":31,"column":123}}],"line":31},"1":{"loc":{"start":{"line":35,"column":32},"end":{"line":35,"column":102}},"type":"cond-expr","locations":[{"start":{"line":35,"column":48},"end":{"line":35,"column":97}},{"start":{"line":35,"column":100},"end":{"line":35,"column":102}}],"line":35},"2":{"loc":{"start":{"line":40,"column":28},"end":{"line":40,"column":64}},"type":"cond-expr","locations":[{"start":{"line":40,"column":45},"end":{"line":40,"column":59}},{"start":{"line":40,"column":62},"end":{"line":40,"column":64}}],"line":40}},"s":{"0":5,"1":0,"2":0,"3":5},"f":{"0":0},"b":{"0":[0,0],"1":[0,0],"2":[0,0]},"_coverageSchema":"43e27e138ebf9cfc5966b082cf9a028302ed4184","hash":"b5943c015d64b583251a599879134d265047a9b3"}
,"E:\\FrontCamp_2019\\Lesson1\\front_camp_2019_react_module\\root\\src\\features\\film\\film-detail\\components\\index.js": {"path":"E:\\FrontCamp_2019\\Lesson1\\front_camp_2019_react_module\\root\\src\\features\\film\\film-detail\\components\\index.js","statementMap":{},"fnMap":{},"branchMap":{},"s":{},"f":{},"b":{},"_coverageSchema":"43e27e138ebf9cfc5966b082cf9a028302ed4184","hash":"d403daf37fbc579bdf8e1434744657dc71b05a74"}
,"E:\\FrontCamp_2019\\Lesson1\\front_camp_2019_react_module\\root\\src\\features\\film\\film-list\\actions.js": {"path":"E:\\FrontCamp_2019\\Lesson1\\front_camp_2019_react_module\\root\\src\\features\\film\\film-list\\actions.js","statementMap":{"0":{"start":{"line":7,"column":4},"end":{"line":10,"column":5}},"1":{"start":{"line":14,"column":4},"end":{"line":24,"column":5}},"2":{"start":{"line":15,"column":20},"end":{"line":15,"column":59}},"3":{"start":{"line":16,"column":8},"end":{"line":23,"column":11}},"4":{"start":{"line":18,"column":12},"end":{"line":22,"column":13}},"5":{"start":{"line":19,"column":16},"end":{"line":19,"column":55}},"6":{"start":{"line":21,"column":16},"end":{"line":21,"column":46}},"7":{"start":{"line":27,"column":30},"end":{"line":32,"column":1}},"8":{"start":{"line":28,"column":4},"end":{"line":31,"column":5}}},"fnMap":{"0":{"name":"setSearchMovies","decl":{"start":{"line":6,"column":16},"end":{"line":6,"column":31}},"loc":{"start":{"line":6,"column":38},"end":{"line":11,"column":1}},"line":6},"1":{"name":"asyncGetMovies","decl":{"start":{"line":13,"column":16},"end":{"line":13,"column":30}},"loc":{"start":{"line":13,"column":39},"end":{"line":25,"column":1}},"line":13},"2":{"name":"(anonymous_2)","decl":{"start":{"line":14,"column":11},"end":{"line":14,"column":12}},"loc":{"start":{"line":14,"column":23},"end":{"line":24,"column":5}},"line":14},"3":{"name":"(anonymous_3)","decl":{"start":{"line":17,"column":14},"end":{"line":17,"column":15}},"loc":{"start":{"line":17,"column":24},"end":{"line":23,"column":9}},"line":17},"4":{"name":"(anonymous_4)","decl":{"start":{"line":27,"column":30},"end":{"line":27,"column":31}},"loc":{"start":{"line":27,"column":41},"end":{"line":32,"column":1}},"line":27}},"branchMap":{"0":{"loc":{"start":{"line":18,"column":12},"end":{"line":22,"column":13}},"type":"if","locations":[{"start":{"line":18,"column":12},"end":{"line":22,"column":13}},{"start":{"line":18,"column":12},"end":{"line":22,"column":13}}],"line":18}},"s":{"0":2,"1":1,"2":1,"3":1,"4":1,"5":1,"6":0,"7":2,"8":1},"f":{"0":2,"1":1,"2":1,"3":1,"4":1},"b":{"0":[1,0]},"_coverageSchema":"43e27e138ebf9cfc5966b082cf9a028302ed4184","hash":"608d70d5ce3ad37a04f1ff59b4253bc369da90f5"}
,"E:\\FrontCamp_2019\\Lesson1\\front_camp_2019_react_module\\root\\src\\features\\film\\film-list\\component.js": {"path":"E:\\FrontCamp_2019\\Lesson1\\front_camp_2019_react_module\\root\\src\\features\\film\\film-list\\component.js","statementMap":{"0":{"start":{"line":11,"column":26},"end":{"line":57,"column":1}},"1":{"start":{"line":12,"column":36},"end":{"line":12,"column":41}},"2":{"start":{"line":13,"column":35},"end":{"line":13,"column":40}},"3":{"start":{"line":14,"column":13},"end":{"line":14,"column":14}},"4":{"start":{"line":15,"column":23},"end":{"line":30,"column":40}},"5":{"start":{"line":18,"column":20},"end":{"line":24,"column":26}},"6":{"start":{"line":31,"column":4},"end":{"line":56,"column":5}},"7":{"start":{"line":59,"column":0},"end":{"line":62,"column":1}}},"fnMap":{"0":{"name":"(anonymous_0)","decl":{"start":{"line":11,"column":26},"end":{"line":11,"column":27}},"loc":{"start":{"line":11,"column":37},"end":{"line":57,"column":1}},"line":11},"1":{"name":"(anonymous_1)","decl":{"start":{"line":17,"column":29},"end":{"line":17,"column":30}},"loc":{"start":{"line":18,"column":20},"end":{"line":24,"column":26}},"line":18}},"branchMap":{"0":{"loc":{"start":{"line":15,"column":23},"end":{"line":30,"column":40}},"type":"cond-expr","locations":[{"start":{"line":16,"column":12},"end":{"line":26,"column":18}},{"start":{"line":27,"column":12},"end":{"line":30,"column":40}}],"line":15}},"s":{"0":2,"1":0,"2":0,"3":0,"4":0,"5":0,"6":0,"7":2},"f":{"0":0,"1":0},"b":{"0":[0,0]},"_coverageSchema":"43e27e138ebf9cfc5966b082cf9a028302ed4184","hash":"a7afcdbda6800ee3211d21b1a04c37810ef88c4f"}
,"E:\\FrontCamp_2019\\Lesson1\\front_camp_2019_react_module\\root\\src\\features\\film\\film-list\\container.js": {"path":"E:\\FrontCamp_2019\\Lesson1\\front_camp_2019_react_module\\root\\src\\features\\film\\film-list\\container.js","statementMap":{"0":{"start":{"line":13,"column":8},"end":{"line":13,"column":21}},"1":{"start":{"line":14,"column":8},"end":{"line":14,"column":27}},"2":{"start":{"line":18,"column":27},"end":{"line":18,"column":37}},"3":{"start":{"line":19,"column":28},"end":{"line":19,"column":56}},"4":{"start":{"line":20,"column":28},"end":{"line":20,"column":41}},"5":{"start":{"line":21,"column":8},"end":{"line":26,"column":9}},"6":{"start":{"line":30,"column":24},"end":{"line":34,"column":1}},"7":{"start":{"line":31,"column":4},"end":{"line":33,"column":5}},"8":{"start":{"line":36,"column":27},"end":{"line":38,"column":2}},"9":{"start":{"line":36,"column":42},"end":{"line":38,"column":1}}},"fnMap":{"0":{"name":"(anonymous_0)","decl":{"start":{"line":12,"column":4},"end":{"line":12,"column":5}},"loc":{"start":{"line":12,"column":23},"end":{"line":15,"column":5}},"line":12},"1":{"name":"(anonymous_1)","decl":{"start":{"line":17,"column":4},"end":{"line":17,"column":5}},"loc":{"start":{"line":17,"column":14},"end":{"line":27,"column":5}},"line":17},"2":{"name":"(anonymous_2)","decl":{"start":{"line":30,"column":24},"end":{"line":30,"column":25}},"loc":{"start":{"line":30,"column":35},"end":{"line":34,"column":1}},"line":30},"3":{"name":"(anonymous_3)","decl":{"start":{"line":36,"column":27},"end":{"line":36,"column":28}},"loc":{"start":{"line":36,"column":42},"end":{"line":38,"column":1}},"line":36}},"branchMap":{},"s":{"0":0,"1":0,"2":0,"3":0,"4":0,"5":0,"6":2,"7":0,"8":2,"9":0},"f":{"0":0,"1":0,"2":0,"3":0},"b":{},"_coverageSchema":"43e27e138ebf9cfc5966b082cf9a028302ed4184","hash":"6511ab9c0069f3e6d97104701f6c9db4980391a0"}
,"E:\\FrontCamp_2019\\Lesson1\\front_camp_2019_react_module\\root\\src\\features\\film\\film-list\\index.js": {"path":"E:\\FrontCamp_2019\\Lesson1\\front_camp_2019_react_module\\root\\src\\features\\film\\film-list\\index.js","statementMap":{},"fnMap":{},"branchMap":{},"s":{},"f":{},"b":{},"_coverageSchema":"43e27e138ebf9cfc5966b082cf9a028302ed4184","hash":"31ba8541ff89f8b64fbf09e45e138852d0d71966"}
,"E:\\FrontCamp_2019\\Lesson1\\front_camp_2019_react_module\\root\\src\\features\\film\\film-list\\reducer.js": {"path":"E:\\FrontCamp_2019\\Lesson1\\front_camp_2019_react_module\\root\\src\\features\\film\\film-list\\reducer.js","statementMap":{"0":{"start":{"line":3,"column":18},"end":{"line":10,"column":1}},"1":{"start":{"line":12,"column":20},"end":{"line":54,"column":1}},"2":{"start":{"line":13,"column":4},"end":{"line":53,"column":5}},"3":{"start":{"line":15,"column":12},"end":{"line":17,"column":13}},"4":{"start":{"line":20,"column":12},"end":{"line":23,"column":13}},"5":{"start":{"line":26,"column":12},"end":{"line":29,"column":13}},"6":{"start":{"line":32,"column":12},"end":{"line":35,"column":13}},"7":{"start":{"line":38,"column":12},"end":{"line":41,"column":13}},"8":{"start":{"line":44,"column":12},"end":{"line":47,"column":13}},"9":{"start":{"line":51,"column":12},"end":{"line":51,"column":24}}},"fnMap":{"0":{"name":"(anonymous_0)","decl":{"start":{"line":12,"column":20},"end":{"line":12,"column":21}},"loc":{"start":{"line":12,"column":51},"end":{"line":54,"column":1}},"line":12}},"branchMap":{"0":{"loc":{"start":{"line":12,"column":21},"end":{"line":12,"column":38}},"type":"default-arg","locations":[{"start":{"line":12,"column":29},"end":{"line":12,"column":38}}],"line":12},"1":{"loc":{"start":{"line":13,"column":4},"end":{"line":53,"column":5}},"type":"switch","locations":[{"start":{"line":14,"column":8},"end":{"line":18,"column":9}},{"start":{"line":19,"column":8},"end":{"line":24,"column":9}},{"start":{"line":25,"column":8},"end":{"line":30,"column":9}},{"start":{"line":31,"column":8},"end":{"line":36,"column":9}},{"start":{"line":37,"column":8},"end":{"line":42,"column":9}},{"start":{"line":43,"column":8},"end":{"line":48,"column":9}},{"start":{"line":50,"column":8},"end":{"line":52,"column":9}}],"line":13}},"s":{"0":2,"1":2,"2":7,"3":1,"4":1,"5":1,"6":1,"7":1,"8":1,"9":1},"f":{"0":7},"b":{"0":[1],"1":[1,1,1,1,1,1,1]},"_coverageSchema":"43e27e138ebf9cfc5966b082cf9a028302ed4184","hash":"ad257c8ebff9bc8252370132ecce9d2ee69dce7c"}
,"E:\\FrontCamp_2019\\Lesson1\\front_camp_2019_react_module\\root\\src\\features\\film\\film-list\\search-container\\component.js": {"path":"E:\\FrontCamp_2019\\Lesson1\\front_camp_2019_react_module\\root\\src\\features\\film\\film-list\\search-container\\component.js","statementMap":{"0":{"start":{"line":10,"column":24},"end":{"line":30,"column":1}},"1":{"start":{"line":11,"column":59},"end":{"line":11,"column":64}},"2":{"start":{"line":12,"column":4},"end":{"line":29,"column":5}},"3":{"start":{"line":32,"column":0},"end":{"line":35,"column":1}}},"fnMap":{"0":{"name":"(anonymous_0)","decl":{"start":{"line":10,"column":24},"end":{"line":10,"column":25}},"loc":{"start":{"line":10,"column":35},"end":{"line":30,"column":1}},"line":10}},"branchMap":{},"s":{"0":2,"1":0,"2":0,"3":2},"f":{"0":0},"b":{},"_coverageSchema":"43e27e138ebf9cfc5966b082cf9a028302ed4184","hash":"71cc10208813c4695f179466b2ef729cf85db7cc"}
,"E:\\FrontCamp_2019\\Lesson1\\front_camp_2019_react_module\\root\\src\\features\\film\\film-list\\search-container\\container.js": {"path":"E:\\FrontCamp_2019\\Lesson1\\front_camp_2019_react_module\\root\\src\\features\\film\\film-list\\search-container\\container.js","statementMap":{"0":{"start":{"line":11,"column":8},"end":{"line":11,"column":21}},"1":{"start":{"line":12,"column":8},"end":{"line":12,"column":27}},"2":{"start":{"line":15,"column":26},"end":{"line":27,"column":5}},"3":{"start":{"line":16,"column":8},"end":{"line":16,"column":31}},"4":{"start":{"line":17,"column":58},"end":{"line":17,"column":68}},"5":{"start":{"line":18,"column":35},"end":{"line":18,"column":45}},"6":{"start":{"line":19,"column":23},"end":{"line":25,"column":10}},"7":{"start":{"line":26,"column":8},"end":{"line":26,"column":31}},"8":{"start":{"line":29,"column":27},"end":{"line":34,"column":5}},"9":{"start":{"line":30,"column":8},"end":{"line":30,"column":31}},"10":{"start":{"line":31,"column":28},"end":{"line":31,"column":46}},"11":{"start":{"line":32,"column":35},"end":{"line":32,"column":45}},"12":{"start":{"line":33,"column":8},"end":{"line":33,"column":36}},"13":{"start":{"line":37,"column":8},"end":{"line":42,"column":9}},"14":{"start":{"line":46,"column":24},"end":{"line":52,"column":1}},"15":{"start":{"line":47,"column":4},"end":{"line":51,"column":5}},"16":{"start":{"line":54,"column":27},"end":{"line":57,"column":2}},"17":{"start":{"line":54,"column":42},"end":{"line":57,"column":1}}},"fnMap":{"0":{"name":"(anonymous_0)","decl":{"start":{"line":10,"column":4},"end":{"line":10,"column":5}},"loc":{"start":{"line":10,"column":23},"end":{"line":13,"column":5}},"line":10},"1":{"name":"(anonymous_1)","decl":{"start":{"line":15,"column":26},"end":{"line":15,"column":27}},"loc":{"start":{"line":15,"column":37},"end":{"line":27,"column":5}},"line":15},"2":{"name":"(anonymous_2)","decl":{"start":{"line":29,"column":27},"end":{"line":29,"column":28}},"loc":{"start":{"line":29,"column":38},"end":{"line":34,"column":5}},"line":29},"3":{"name":"(anonymous_3)","decl":{"start":{"line":36,"column":4},"end":{"line":36,"column":5}},"loc":{"start":{"line":36,"column":13},"end":{"line":43,"column":5}},"line":36},"4":{"name":"(anonymous_4)","decl":{"start":{"line":46,"column":24},"end":{"line":46,"column":25}},"loc":{"start":{"line":46,"column":35},"end":{"line":52,"column":1}},"line":46},"5":{"name":"(anonymous_5)","decl":{"start":{"line":54,"column":27},"end":{"line":54,"column":28}},"loc":{"start":{"line":54,"column":42},"end":{"line":57,"column":1}},"line":54}},"branchMap":{},"s":{"0":0,"1":0,"2":0,"3":0,"4":0,"5":0,"6":0,"7":0,"8":0,"9":0,"10":0,"11":0,"12":0,"13":0,"14":2,"15":0,"16":2,"17":0},"f":{"0":0,"1":0,"2":0,"3":0,"4":0,"5":0},"b":{},"_coverageSchema":"43e27e138ebf9cfc5966b082cf9a028302ed4184","hash":"bc51df4bfe4c5141941e5e44fe47767a21b02ee0"}
,"E:\\FrontCamp_2019\\Lesson1\\front_camp_2019_react_module\\root\\src\\features\\film\\film-list\\search-container\\index.js": {"path":"E:\\FrontCamp_2019\\Lesson1\\front_camp_2019_react_module\\root\\src\\features\\film\\film-list\\search-container\\index.js","statementMap":{},"fnMap":{},"branchMap":{},"s":{},"f":{},"b":{},"_coverageSchema":"43e27e138ebf9cfc5966b082cf9a028302ed4184","hash":"a31bcde4db7f4339cc80aa07f31f5fce8e6edf2f"}
,"E:\\FrontCamp_2019\\Lesson1\\front_camp_2019_react_module\\root\\src\\features\\film\\shared\\components\\ButtonComponent.js": {"path":"E:\\FrontCamp_2019\\Lesson1\\front_camp_2019_react_module\\root\\src\\features\\film\\shared\\components\\ButtonComponent.js","statementMap":{"0":{"start":{"line":5,"column":24},"end":{"line":12,"column":1}},"1":{"start":{"line":6,"column":46},"end":{"line":6,"column":51}},"2":{"start":{"line":7,"column":4},"end":{"line":11,"column":5}},"3":{"start":{"line":14,"column":0},"end":{"line":18,"column":1}}},"fnMap":{"0":{"name":"(anonymous_0)","decl":{"start":{"line":5,"column":24},"end":{"line":5,"column":25}},"loc":{"start":{"line":5,"column":35},"end":{"line":12,"column":1}},"line":5}},"branchMap":{},"s":{"0":5,"1":0,"2":0,"3":5},"f":{"0":0},"b":{},"_coverageSchema":"43e27e138ebf9cfc5966b082cf9a028302ed4184","hash":"e302830f0d60ed1e2961c96331e11c6d56fd472e"}
,"E:\\FrontCamp_2019\\Lesson1\\front_camp_2019_react_module\\root\\src\\features\\film\\shared\\components\\CardComponent.js": {"path":"E:\\FrontCamp_2019\\Lesson1\\front_camp_2019_react_module\\root\\src\\features\\film\\shared\\components\\CardComponent.js","statementMap":{"0":{"start":{"line":7,"column":22},"end":{"line":16,"column":1}},"1":{"start":{"line":8,"column":66},"end":{"line":8,"column":71}},"2":{"start":{"line":9,"column":4},"end":{"line":15,"column":5}},"3":{"start":{"line":18,"column":0},"end":{"line":20,"column":1}}},"fnMap":{"0":{"name":"(anonymous_0)","decl":{"start":{"line":7,"column":22},"end":{"line":7,"column":23}},"loc":{"start":{"line":7,"column":33},"end":{"line":16,"column":1}},"line":7}},"branchMap":{},"s":{"0":5,"1":0,"2":0,"3":5},"f":{"0":0},"b":{},"_coverageSchema":"43e27e138ebf9cfc5966b082cf9a028302ed4184","hash":"348ae2a5b5ac5e48f53764e49e23d7309a0d8c73"}
,"E:\\FrontCamp_2019\\Lesson1\\front_camp_2019_react_module\\root\\src\\features\\film\\shared\\components\\EmptyMoviesGroupComponent.js": {"path":"E:\\FrontCamp_2019\\Lesson1\\front_camp_2019_react_module\\root\\src\\features\\film\\shared\\components\\EmptyMoviesGroupComponent.js","statementMap":{"0":{"start":{"line":7,"column":34},"end":{"line":17,"column":1}},"1":{"start":{"line":8,"column":40},"end":{"line":8,"column":45}},"2":{"start":{"line":9,"column":4},"end":{"line":16,"column":5}},"3":{"start":{"line":19,"column":0},"end":{"line":22,"column":1}}},"fnMap":{"0":{"name":"(anonymous_0)","decl":{"start":{"line":7,"column":34},"end":{"line":7,"column":35}},"loc":{"start":{"line":7,"column":45},"end":{"line":17,"column":1}},"line":7}},"branchMap":{},"s":{"0":5,"1":0,"2":0,"3":5},"f":{"0":0},"b":{},"_coverageSchema":"43e27e138ebf9cfc5966b082cf9a028302ed4184","hash":"8922d2b52d7056a4c3903ab5634508aa21b0584f"}
,"E:\\FrontCamp_2019\\Lesson1\\front_camp_2019_react_module\\root\\src\\features\\film\\shared\\components\\HeaderComponent.js": {"path":"E:\\FrontCamp_2019\\Lesson1\\front_camp_2019_react_module\\root\\src\\features\\film\\shared\\components\\HeaderComponent.js","statementMap":{"0":{"start":{"line":4,"column":24},"end":{"line":11,"column":1}},"1":{"start":{"line":5,"column":31},"end":{"line":5,"column":36}},"2":{"start":{"line":6,"column":4},"end":{"line":10,"column":5}},"3":{"start":{"line":13,"column":0},"end":{"line":16,"column":1}}},"fnMap":{"0":{"name":"(anonymous_0)","decl":{"start":{"line":4,"column":24},"end":{"line":4,"column":25}},"loc":{"start":{"line":4,"column":35},"end":{"line":11,"column":1}},"line":4}},"branchMap":{},"s":{"0":5,"1":0,"2":0,"3":5},"f":{"0":0},"b":{},"_coverageSchema":"43e27e138ebf9cfc5966b082cf9a028302ed4184","hash":"c1064764fe3e414aecdb9ffa9fc7957dd6d7715f"}
,"E:\\FrontCamp_2019\\Lesson1\\front_camp_2019_react_module\\root\\src\\features\\film\\shared\\components\\ImgComponent.js": {"path":"E:\\FrontCamp_2019\\Lesson1\\front_camp_2019_react_module\\root\\src\\features\\film\\shared\\components\\ImgComponent.js","statementMap":{"0":{"start":{"line":4,"column":21},"end":{"line":11,"column":1}},"1":{"start":{"line":5,"column":65},"end":{"line":5,"column":70}},"2":{"start":{"line":6,"column":4},"end":{"line":10,"column":5}},"3":{"start":{"line":13,"column":0},"end":{"line":18,"column":1}}},"fnMap":{"0":{"name":"(anonymous_0)","decl":{"start":{"line":4,"column":21},"end":{"line":4,"column":22}},"loc":{"start":{"line":4,"column":32},"end":{"line":11,"column":1}},"line":4}},"branchMap":{},"s":{"0":5,"1":0,"2":0,"3":5},"f":{"0":0},"b":{},"_coverageSchema":"43e27e138ebf9cfc5966b082cf9a028302ed4184","hash":"ed5c9b28f8ff087d23cecad3cea0b98f92dfd083"}
,"E:\\FrontCamp_2019\\Lesson1\\front_camp_2019_react_module\\root\\src\\features\\film\\shared\\components\\InvalidUrlComponent.js": {"path":"E:\\FrontCamp_2019\\Lesson1\\front_camp_2019_react_module\\root\\src\\features\\film\\shared\\components\\InvalidUrlComponent.js","statementMap":{"0":{"start":{"line":3,"column":28},"end":{"line":11,"column":1}},"1":{"start":{"line":4,"column":4},"end":{"line":10,"column":5}}},"fnMap":{"0":{"name":"(anonymous_0)","decl":{"start":{"line":3,"column":28},"end":{"line":3,"column":29}},"loc":{"start":{"line":3,"column":39},"end":{"line":11,"column":1}},"line":3}},"branchMap":{},"s":{"0":5,"1":0},"f":{"0":0},"b":{},"_coverageSchema":"43e27e138ebf9cfc5966b082cf9a028302ed4184","hash":"f83c5990439fa8bd7e127a0f5e849ad3c41f7d96"}
,"E:\\FrontCamp_2019\\Lesson1\\front_camp_2019_react_module\\root\\src\\features\\film\\shared\\components\\LabelComponent.js": {"path":"E:\\FrontCamp_2019\\Lesson1\\front_camp_2019_react_module\\root\\src\\features\\film\\shared\\components\\LabelComponent.js","statementMap":{"0":{"start":{"line":4,"column":23},"end":{"line":11,"column":1}},"1":{"start":{"line":5,"column":31},"end":{"line":5,"column":36}},"2":{"start":{"line":6,"column":4},"end":{"line":10,"column":5}},"3":{"start":{"line":13,"column":0},"end":{"line":16,"column":1}}},"fnMap":{"0":{"name":"(anonymous_0)","decl":{"start":{"line":4,"column":23},"end":{"line":4,"column":24}},"loc":{"start":{"line":4,"column":34},"end":{"line":11,"column":1}},"line":4}},"branchMap":{},"s":{"0":5,"1":0,"2":0,"3":5},"f":{"0":0},"b":{},"_coverageSchema":"43e27e138ebf9cfc5966b082cf9a028302ed4184","hash":"dd510888df9143759d25ec3f14e9287513f02e14"}
,"E:\\FrontCamp_2019\\Lesson1\\front_camp_2019_react_module\\root\\src\\features\\film\\shared\\components\\MoviesGroupComponent.js": {"path":"E:\\FrontCamp_2019\\Lesson1\\front_camp_2019_react_module\\root\\src\\features\\film\\shared\\components\\MoviesGroupComponent.js","statementMap":{"0":{"start":{"line":7,"column":29},"end":{"line":20,"column":1}},"1":{"start":{"line":8,"column":28},"end":{"line":8,"column":33}},"2":{"start":{"line":9,"column":4},"end":{"line":19,"column":5}},"3":{"start":{"line":12,"column":16},"end":{"line":16,"column":37}},"4":{"start":{"line":22,"column":0},"end":{"line":24,"column":1}}},"fnMap":{"0":{"name":"(anonymous_0)","decl":{"start":{"line":7,"column":29},"end":{"line":7,"column":30}},"loc":{"start":{"line":7,"column":40},"end":{"line":20,"column":1}},"line":7},"1":{"name":"(anonymous_1)","decl":{"start":{"line":11,"column":24},"end":{"line":11,"column":25}},"loc":{"start":{"line":12,"column":16},"end":{"line":16,"column":37}},"line":12}},"branchMap":{},"s":{"0":5,"1":0,"2":0,"3":0,"4":5},"f":{"0":0,"1":0},"b":{},"_coverageSchema":"43e27e138ebf9cfc5966b082cf9a028302ed4184","hash":"cc0b211ef069143cce3f426d2a1db7ff9d3c1722"}
,"E:\\FrontCamp_2019\\Lesson1\\front_camp_2019_react_module\\root\\src\\features\\film\\shared\\components\\index.js": {"path":"E:\\FrontCamp_2019\\Lesson1\\front_camp_2019_react_module\\root\\src\\features\\film\\shared\\components\\index.js","statementMap":{},"fnMap":{},"branchMap":{},"s":{},"f":{},"b":{},"_coverageSchema":"43e27e138ebf9cfc5966b082cf9a028302ed4184","hash":"2b66eb557d7d1cf3f3a27c836c123a09ac977a6e"}
,"E:\\FrontCamp_2019\\Lesson1\\front_camp_2019_react_module\\root\\src\\features\\film\\shared\\containers\\error-container\\actions.js": {"path":"E:\\FrontCamp_2019\\Lesson1\\front_camp_2019_react_module\\root\\src\\features\\film\\shared\\containers\\error-container\\actions.js","statementMap":{"0":{"start":{"line":3,"column":24},"end":{"line":8,"column":1}},"1":{"start":{"line":4,"column":4},"end":{"line":7,"column":5}},"2":{"start":{"line":10,"column":28},"end":{"line":15,"column":1}},"3":{"start":{"line":11,"column":4},"end":{"line":14,"column":5}}},"fnMap":{"0":{"name":"(anonymous_0)","decl":{"start":{"line":3,"column":24},"end":{"line":3,"column":25}},"loc":{"start":{"line":3,"column":37},"end":{"line":8,"column":1}},"line":3},"1":{"name":"(anonymous_1)","decl":{"start":{"line":10,"column":28},"end":{"line":10,"column":29}},"loc":{"start":{"line":10,"column":43},"end":{"line":15,"column":1}},"line":10}},"branchMap":{},"s":{"0":2,"1":1,"2":2,"3":1},"f":{"0":1,"1":1},"b":{},"_coverageSchema":"43e27e138ebf9cfc5966b082cf9a028302ed4184","hash":"c65593704b72e221fc1d3498331280a5f4d4c31a"}
,"E:\\FrontCamp_2019\\Lesson1\\front_camp_2019_react_module\\root\\src\\features\\film\\shared\\containers\\error-container\\component.js": {"path":"E:\\FrontCamp_2019\\Lesson1\\front_camp_2019_react_module\\root\\src\\features\\film\\shared\\containers\\error-container\\component.js","statementMap":{"0":{"start":{"line":4,"column":31},"end":{"line":14,"column":1}},"1":{"start":{"line":5,"column":26},"end":{"line":5,"column":36}},"2":{"start":{"line":6,"column":4},"end":{"line":13,"column":5}},"3":{"start":{"line":7,"column":47},"end":{"line":7,"column":61}}},"fnMap":{"0":{"name":"(anonymous_0)","decl":{"start":{"line":4,"column":31},"end":{"line":4,"column":32}},"loc":{"start":{"line":4,"column":42},"end":{"line":14,"column":1}},"line":4},"1":{"name":"(anonymous_1)","decl":{"start":{"line":7,"column":41},"end":{"line":7,"column":42}},"loc":{"start":{"line":7,"column":47},"end":{"line":7,"column":61}},"line":7}},"branchMap":{},"s":{"0":2,"1":0,"2":0,"3":0},"f":{"0":0,"1":0},"b":{},"_coverageSchema":"43e27e138ebf9cfc5966b082cf9a028302ed4184","hash":"4b784e36be955dfedf720f0c46022c015037099a"}
,"E:\\FrontCamp_2019\\Lesson1\\front_camp_2019_react_module\\root\\src\\features\\film\\shared\\containers\\error-container\\container.js": {"path":"E:\\FrontCamp_2019\\Lesson1\\front_camp_2019_react_module\\root\\src\\features\\film\\shared\\containers\\error-container\\container.js","statementMap":{"0":{"start":{"line":10,"column":8},"end":{"line":10,"column":21}},"1":{"start":{"line":11,"column":8},"end":{"line":11,"column":27}},"2":{"start":{"line":15,"column":8},"end":{"line":15,"column":23}},"3":{"start":{"line":16,"column":8},"end":{"line":16,"column":32}},"4":{"start":{"line":20,"column":39},"end":{"line":20,"column":49}},"5":{"start":{"line":21,"column":8},"end":{"line":27,"column":9}},"6":{"start":{"line":22,"column":12},"end":{"line":26,"column":13}},"7":{"start":{"line":29,"column":4},"end":{"line":29,"column":31}},"8":{"start":{"line":33,"column":24},"end":{"line":38,"column":1}},"9":{"start":{"line":34,"column":4},"end":{"line":37,"column":5}},"10":{"start":{"line":40,"column":27},"end":{"line":43,"column":2}},"11":{"start":{"line":40,"column":42},"end":{"line":43,"column":1}}},"fnMap":{"0":{"name":"(anonymous_0)","decl":{"start":{"line":9,"column":4},"end":{"line":9,"column":5}},"loc":{"start":{"line":9,"column":23},"end":{"line":12,"column":5}},"line":9},"1":{"name":"(anonymous_1)","decl":{"start":{"line":14,"column":4},"end":{"line":14,"column":5}},"loc":{"start":{"line":14,"column":40},"end":{"line":17,"column":5}},"line":14},"2":{"name":"(anonymous_2)","decl":{"start":{"line":19,"column":4},"end":{"line":19,"column":5}},"loc":{"start":{"line":19,"column":13},"end":{"line":30,"column":5}},"line":19},"3":{"name":"(anonymous_3)","decl":{"start":{"line":33,"column":24},"end":{"line":33,"column":25}},"loc":{"start":{"line":33,"column":35},"end":{"line":38,"column":1}},"line":33},"4":{"name":"(anonymous_4)","decl":{"start":{"line":40,"column":27},"end":{"line":40,"column":28}},"loc":{"start":{"line":40,"column":42},"end":{"line":43,"column":1}},"line":40}},"branchMap":{"0":{"loc":{"start":{"line":21,"column":8},"end":{"line":27,"column":9}},"type":"if","locations":[{"start":{"line":21,"column":8},"end":{"line":27,"column":9}},{"start":{"line":21,"column":8},"end":{"line":27,"column":9}}],"line":21}},"s":{"0":0,"1":0,"2":0,"3":0,"4":0,"5":0,"6":0,"7":0,"8":2,"9":0,"10":2,"11":0},"f":{"0":0,"1":0,"2":0,"3":0,"4":0},"b":{"0":[0,0]},"_coverageSchema":"43e27e138ebf9cfc5966b082cf9a028302ed4184","hash":"58c24ee9c3e5105d0697c387b7cebc7533d5f4c6"}
,"E:\\FrontCamp_2019\\Lesson1\\front_camp_2019_react_module\\root\\src\\features\\film\\shared\\containers\\error-container\\index.js": {"path":"E:\\FrontCamp_2019\\Lesson1\\front_camp_2019_react_module\\root\\src\\features\\film\\shared\\containers\\error-container\\index.js","statementMap":{},"fnMap":{},"branchMap":{},"s":{},"f":{},"b":{},"_coverageSchema":"43e27e138ebf9cfc5966b082cf9a028302ed4184","hash":"2ad5be823e88e589f5fa337d5acbaadadfb99933"}
,"E:\\FrontCamp_2019\\Lesson1\\front_camp_2019_react_module\\root\\src\\features\\film\\shared\\containers\\error-container\\reducer.js": {"path":"E:\\FrontCamp_2019\\Lesson1\\front_camp_2019_react_module\\root\\src\\features\\film\\shared\\containers\\error-container\\reducer.js","statementMap":{"0":{"start":{"line":3,"column":18},"end":{"line":6,"column":1}},"1":{"start":{"line":8,"column":21},"end":{"line":26,"column":1}},"2":{"start":{"line":9,"column":4},"end":{"line":25,"column":5}},"3":{"start":{"line":11,"column":12},"end":{"line":14,"column":13}},"4":{"start":{"line":17,"column":12},"end":{"line":20,"column":13}},"5":{"start":{"line":23,"column":12},"end":{"line":23,"column":25}}},"fnMap":{"0":{"name":"(anonymous_0)","decl":{"start":{"line":8,"column":21},"end":{"line":8,"column":22}},"loc":{"start":{"line":8,"column":52},"end":{"line":26,"column":1}},"line":8}},"branchMap":{"0":{"loc":{"start":{"line":8,"column":22},"end":{"line":8,"column":39}},"type":"default-arg","locations":[{"start":{"line":8,"column":30},"end":{"line":8,"column":39}}],"line":8},"1":{"loc":{"start":{"line":9,"column":4},"end":{"line":25,"column":5}},"type":"switch","locations":[{"start":{"line":10,"column":8},"end":{"line":15,"column":9}},{"start":{"line":16,"column":8},"end":{"line":21,"column":9}},{"start":{"line":22,"column":8},"end":{"line":24,"column":9}}],"line":9}},"s":{"0":2,"1":2,"2":3,"3":1,"4":1,"5":1},"f":{"0":3},"b":{"0":[1],"1":[1,1,1]},"_coverageSchema":"43e27e138ebf9cfc5966b082cf9a028302ed4184","hash":"47d0a440ee040a51c92a86c9107e804f62383a5c"}
,"E:\\FrontCamp_2019\\Lesson1\\front_camp_2019_react_module\\root\\src\\features\\film\\shared\\containers\\movie-card-container\\component.js": {"path":"E:\\FrontCamp_2019\\Lesson1\\front_camp_2019_react_module\\root\\src\\features\\film\\shared\\containers\\movie-card-container\\component.js","statementMap":{"0":{"start":{"line":7,"column":27},"end":{"line":19,"column":1}},"1":{"start":{"line":8,"column":36},"end":{"line":8,"column":41}},"2":{"start":{"line":9,"column":4},"end":{"line":18,"column":5}},"3":{"start":{"line":21,"column":0},"end":{"line":27,"column":1}}},"fnMap":{"0":{"name":"(anonymous_0)","decl":{"start":{"line":7,"column":27},"end":{"line":7,"column":28}},"loc":{"start":{"line":7,"column":38},"end":{"line":19,"column":1}},"line":7}},"branchMap":{},"s":{"0":5,"1":0,"2":0,"3":5},"f":{"0":0},"b":{},"_coverageSchema":"43e27e138ebf9cfc5966b082cf9a028302ed4184","hash":"360b76e580bdf8a86ffcb09ae677bc940607762b"}
,"E:\\FrontCamp_2019\\Lesson1\\front_camp_2019_react_module\\root\\src\\features\\film\\shared\\containers\\movie-card-container\\container.js": {"path":"E:\\FrontCamp_2019\\Lesson1\\front_camp_2019_react_module\\root\\src\\features\\film\\shared\\containers\\movie-card-container\\container.js","statementMap":{"0":{"start":{"line":13,"column":8},"end":{"line":13,"column":21}},"1":{"start":{"line":14,"column":8},"end":{"line":14,"column":27}},"2":{"start":{"line":17,"column":26},"end":{"line":20,"column":5}},"3":{"start":{"line":18,"column":28},"end":{"line":18,"column":38}},"4":{"start":{"line":19,"column":8},"end":{"line":19,"column":36}},"5":{"start":{"line":22,"column":26},"end":{"line":32,"column":5}},"6":{"start":{"line":23,"column":34},"end":{"line":23,"column":44}},"7":{"start":{"line":24,"column":22},"end":{"line":24,"column":62}},"8":{"start":{"line":25,"column":57},"end":{"line":25,"column":67}},"9":{"start":{"line":26,"column":8},"end":{"line":26,"column":28}},"10":{"start":{"line":27,"column":23},"end":{"line":30,"column":10}},"11":{"start":{"line":31,"column":8},"end":{"line":31,"column":39}},"12":{"start":{"line":35,"column":31},"end":{"line":35,"column":41}},"13":{"start":{"line":36,"column":8},"end":{"line":43,"column":9}},"14":{"start":{"line":40,"column":24},"end":{"line":40,"column":57}},"15":{"start":{"line":41,"column":24},"end":{"line":41,"column":57}},"16":{"start":{"line":47,"column":24},"end":{"line":51,"column":1}},"17":{"start":{"line":48,"column":4},"end":{"line":50,"column":5}},"18":{"start":{"line":53,"column":27},"end":{"line":56,"column":2}},"19":{"start":{"line":53,"column":42},"end":{"line":56,"column":1}}},"fnMap":{"0":{"name":"(anonymous_0)","decl":{"start":{"line":12,"column":4},"end":{"line":12,"column":5}},"loc":{"start":{"line":12,"column":23},"end":{"line":15,"column":5}},"line":12},"1":{"name":"(anonymous_1)","decl":{"start":{"line":17,"column":26},"end":{"line":17,"column":27}},"loc":{"start":{"line":17,"column":34},"end":{"line":20,"column":5}},"line":17},"2":{"name":"(anonymous_2)","decl":{"start":{"line":22,"column":26},"end":{"line":22,"column":27}},"loc":{"start":{"line":22,"column":34},"end":{"line":32,"column":5}},"line":22},"3":{"name":"(anonymous_3)","decl":{"start":{"line":34,"column":4},"end":{"line":34,"column":5}},"loc":{"start":{"line":34,"column":13},"end":{"line":44,"column":5}},"line":34},"4":{"name":"(anonymous_4)","decl":{"start":{"line":40,"column":18},"end":{"line":40,"column":19}},"loc":{"start":{"line":40,"column":24},"end":{"line":40,"column":57}},"line":40},"5":{"name":"(anonymous_5)","decl":{"start":{"line":41,"column":18},"end":{"line":41,"column":19}},"loc":{"start":{"line":41,"column":24},"end":{"line":41,"column":57}},"line":41},"6":{"name":"(anonymous_6)","decl":{"start":{"line":47,"column":24},"end":{"line":47,"column":25}},"loc":{"start":{"line":47,"column":35},"end":{"line":51,"column":1}},"line":47},"7":{"name":"(anonymous_7)","decl":{"start":{"line":53,"column":27},"end":{"line":53,"column":28}},"loc":{"start":{"line":53,"column":42},"end":{"line":56,"column":1}},"line":53}},"branchMap":{"0":{"loc":{"start":{"line":39,"column":30},"end":{"line":41,"column":57}},"type":"cond-expr","locations":[{"start":{"line":40,"column":18},"end":{"line":40,"column":57}},{"start":{"line":41,"column":18},"end":{"line":41,"column":57}}],"line":39}},"s":{"0":0,"1":0,"2":0,"3":0,"4":0,"5":0,"6":0,"7":0,"8":0,"9":0,"10":0,"11":0,"12":0,"13":0,"14":0,"15":0,"16":5,"17":0,"18":5,"19":0},"f":{"0":0,"1":0,"2":0,"3":0,"4":0,"5":0,"6":0,"7":0},"b":{"0":[0,0]},"_coverageSchema":"43e27e138ebf9cfc5966b082cf9a028302ed4184","hash":"a3f6c6102c5cd9ee9751cb0206a4b6feb5ceae6f"}
,"E:\\FrontCamp_2019\\Lesson1\\front_camp_2019_react_module\\root\\src\\features\\film\\shared\\containers\\movie-card-container\\index.js": {"path":"E:\\FrontCamp_2019\\Lesson1\\front_camp_2019_react_module\\root\\src\\features\\film\\shared\\containers\\movie-card-container\\index.js","statementMap":{},"fnMap":{},"branchMap":{},"s":{},"f":{},"b":{},"_coverageSchema":"43e27e138ebf9cfc5966b082cf9a028302ed4184","hash":"ce7d9c21f4f3356aecd6aff889ab345754151b15"}
,"E:\\FrontCamp_2019\\Lesson1\\front_camp_2019_react_module\\root\\src\\features\\film\\shared\\containers\\option-container\\actions.js": {"path":"E:\\FrontCamp_2019\\Lesson1\\front_camp_2019_react_module\\root\\src\\features\\film\\shared\\containers\\option-container\\actions.js","statementMap":{"0":{"start":{"line":3,"column":36},"end":{"line":8,"column":1}},"1":{"start":{"line":4,"column":4},"end":{"line":7,"column":5}},"2":{"start":{"line":10,"column":34},"end":{"line":15,"column":1}},"3":{"start":{"line":11,"column":4},"end":{"line":14,"column":5}},"4":{"start":{"line":17,"column":31},"end":{"line":22,"column":1}},"5":{"start":{"line":18,"column":4},"end":{"line":21,"column":5}},"6":{"start":{"line":24,"column":29},"end":{"line":29,"column":1}},"7":{"start":{"line":25,"column":4},"end":{"line":28,"column":5}}},"fnMap":{"0":{"name":"(anonymous_0)","decl":{"start":{"line":3,"column":36},"end":{"line":3,"column":37}},"loc":{"start":{"line":3,"column":51},"end":{"line":8,"column":1}},"line":3},"1":{"name":"(anonymous_1)","decl":{"start":{"line":10,"column":34},"end":{"line":10,"column":35}},"loc":{"start":{"line":10,"column":49},"end":{"line":15,"column":1}},"line":10},"2":{"name":"(anonymous_2)","decl":{"start":{"line":17,"column":31},"end":{"line":17,"column":32}},"loc":{"start":{"line":17,"column":43},"end":{"line":22,"column":1}},"line":17},"3":{"name":"(anonymous_3)","decl":{"start":{"line":24,"column":29},"end":{"line":24,"column":30}},"loc":{"start":{"line":24,"column":41},"end":{"line":29,"column":1}},"line":24}},"branchMap":{},"s":{"0":3,"1":1,"2":3,"3":1,"4":3,"5":1,"6":3,"7":1},"f":{"0":1,"1":1,"2":1,"3":1},"b":{},"_coverageSchema":"43e27e138ebf9cfc5966b082cf9a028302ed4184","hash":"583e3fd1f502a343a931a6cf09a5ffc8a394a214"}
,"E:\\FrontCamp_2019\\Lesson1\\front_camp_2019_react_module\\root\\src\\features\\film\\shared\\containers\\option-container\\component.js": {"path":"E:\\FrontCamp_2019\\Lesson1\\front_camp_2019_react_module\\root\\src\\features\\film\\shared\\containers\\option-container\\component.js","statementMap":{"0":{"start":{"line":9,"column":24},"end":{"line":37,"column":1}},"1":{"start":{"line":10,"column":68},"end":{"line":10,"column":73}},"2":{"start":{"line":11,"column":26},"end":{"line":11,"column":116}},"3":{"start":{"line":12,"column":24},"end":{"line":12,"column":122}},"4":{"start":{"line":13,"column":25},"end":{"line":13,"column":125}},"5":{"start":{"line":14,"column":19},"end":{"line":14,"column":129}},"6":{"start":{"line":15,"column":20},"end":{"line":15,"column":132}},"7":{"start":{"line":16,"column":33},"end":{"line":16,"column":135}},"8":{"start":{"line":17,"column":20},"end":{"line":19,"column":160}},"9":{"start":{"line":20,"column":21},"end":{"line":22,"column":162}},"10":{"start":{"line":23,"column":4},"end":{"line":36,"column":5}},"11":{"start":{"line":39,"column":0},"end":{"line":44,"column":1}}},"fnMap":{"0":{"name":"(anonymous_0)","decl":{"start":{"line":9,"column":24},"end":{"line":9,"column":25}},"loc":{"start":{"line":9,"column":35},"end":{"line":37,"column":1}},"line":9}},"branchMap":{"0":{"loc":{"start":{"line":11,"column":26},"end":{"line":11,"column":116}},"type":"cond-expr","locations":[{"start":{"line":11,"column":63},"end":{"line":11,"column":89}},{"start":{"line":11,"column":92},"end":{"line":11,"column":116}}],"line":11},"1":{"loc":{"start":{"line":12,"column":24},"end":{"line":12,"column":122}},"type":"cond-expr","locations":[{"start":{"line":12,"column":61},"end":{"line":12,"column":91}},{"start":{"line":12,"column":94},"end":{"line":12,"column":122}}],"line":12},"2":{"loc":{"start":{"line":13,"column":25},"end":{"line":13,"column":125}},"type":"cond-expr","locations":[{"start":{"line":13,"column":62},"end":{"line":13,"column":93}},{"start":{"line":13,"column":96},"end":{"line":13,"column":125}}],"line":13},"3":{"loc":{"start":{"line":14,"column":19},"end":{"line":14,"column":129}},"type":"cond-expr","locations":[{"start":{"line":14,"column":56},"end":{"line":14,"column":92}},{"start":{"line":14,"column":95},"end":{"line":14,"column":129}}],"line":14},"4":{"loc":{"start":{"line":15,"column":20},"end":{"line":15,"column":132}},"type":"cond-expr","locations":[{"start":{"line":15,"column":57},"end":{"line":15,"column":94}},{"start":{"line":15,"column":97},"end":{"line":15,"column":132}}],"line":15},"5":{"loc":{"start":{"line":16,"column":33},"end":{"line":16,"column":135}},"type":"cond-expr","locations":[{"start":{"line":16,"column":70},"end":{"line":16,"column":102}},{"start":{"line":16,"column":105},"end":{"line":16,"column":135}}],"line":16},"6":{"loc":{"start":{"line":17,"column":20},"end":{"line":19,"column":160}},"type":"cond-expr","locations":[{"start":{"line":18,"column":14},"end":{"line":18,"column":162}},{"start":{"line":19,"column":14},"end":{"line":19,"column":160}}],"line":17},"7":{"loc":{"start":{"line":18,"column":45},"end":{"line":18,"column":112}},"type":"cond-expr","locations":[{"start":{"line":18,"column":63},"end":{"line":18,"column":85}},{"start":{"line":18,"column":88},"end":{"line":18,"column":112}}],"line":18},"8":{"loc":{"start":{"line":19,"column":45},"end":{"line":19,"column":110}},"type":"cond-expr","locations":[{"start":{"line":19,"column":61},"end":{"line":19,"column":83}},{"start":{"line":19,"column":86},"end":{"line":19,"column":110}}],"line":19},"9":{"loc":{"start":{"line":20,"column":21},"end":{"line":22,"column":162}},"type":"cond-expr","locations":[{"start":{"line":21,"column":14},"end":{"line":21,"column":164}},{"start":{"line":22,"column":14},"end":{"line":22,"column":162}}],"line":20},"10":{"loc":{"start":{"line":21,"column":46},"end":{"line":21,"column":113}},"type":"cond-expr","locations":[{"start":{"line":21,"column":64},"end":{"line":21,"column":88}},{"start":{"line":21,"column":91},"end":{"line":21,"column":113}}],"line":21},"11":{"loc":{"start":{"line":22,"column":46},"end":{"line":22,"column":111}},"type":"cond-expr","locations":[{"start":{"line":22,"column":62},"end":{"line":22,"column":86}},{"start":{"line":22,"column":89},"end":{"line":22,"column":111}}],"line":22}},"s":{"0":3,"1":0,"2":0,"3":0,"4":0,"5":0,"6":0,"7":0,"8":0,"9":0,"10":0,"11":3},"f":{"0":0},"b":{"0":[0,0],"1":[0,0],"2":[0,0],"3":[0,0],"4":[0,0],"5":[0,0],"6":[0,0],"7":[0,0],"8":[0,0],"9":[0,0],"10":[0,0],"11":[0,0]},"_coverageSchema":"43e27e138ebf9cfc5966b082cf9a028302ed4184","hash":"ea3f787536d99e2bead2ef92ffc807d47087ce03"}
,"E:\\FrontCamp_2019\\Lesson1\\front_camp_2019_react_module\\root\\src\\features\\film\\shared\\containers\\option-container\\container.js": {"path":"E:\\FrontCamp_2019\\Lesson1\\front_camp_2019_react_module\\root\\src\\features\\film\\shared\\containers\\option-container\\container.js","statementMap":{"0":{"start":{"line":13,"column":8},"end":{"line":13,"column":21}},"1":{"start":{"line":14,"column":8},"end":{"line":14,"column":27}},"2":{"start":{"line":15,"column":8},"end":{"line":15,"column":59}},"3":{"start":{"line":18,"column":17},"end":{"line":34,"column":5}},"4":{"start":{"line":19,"column":8},"end":{"line":19,"column":31}},"5":{"start":{"line":20,"column":21},"end":{"line":20,"column":47}},"6":{"start":{"line":21,"column":8},"end":{"line":33,"column":9}},"7":{"start":{"line":22,"column":27},"end":{"line":24,"column":52}},"8":{"start":{"line":25,"column":40},"end":{"line":25,"column":50}},"9":{"start":{"line":26,"column":12},"end":{"line":26,"column":36}},"10":{"start":{"line":27,"column":15},"end":{"line":33,"column":9}},"11":{"start":{"line":28,"column":27},"end":{"line":30,"column":50}},"12":{"start":{"line":31,"column":38},"end":{"line":31,"column":48}},"13":{"start":{"line":32,"column":12},"end":{"line":32,"column":34}},"14":{"start":{"line":37,"column":8},"end":{"line":37,"column":31}},"15":{"start":{"line":38,"column":21},"end":{"line":38,"column":47}},"16":{"start":{"line":39,"column":61},"end":{"line":39,"column":71}},"17":{"start":{"line":40,"column":23},"end":{"line":40,"column":40}},"18":{"start":{"line":41,"column":8},"end":{"line":45,"column":9}},"19":{"start":{"line":42,"column":12},"end":{"line":42,"column":41}},"20":{"start":{"line":44,"column":12},"end":{"line":44,"column":39}},"21":{"start":{"line":46,"column":8},"end":{"line":46,"column":31}},"22":{"start":{"line":50,"column":51},"end":{"line":50,"column":61}},"23":{"start":{"line":51,"column":8},"end":{"line":58,"column":9}},"24":{"start":{"line":62,"column":24},"end":{"line":67,"column":1}},"25":{"start":{"line":63,"column":4},"end":{"line":66,"column":5}},"26":{"start":{"line":69,"column":27},"end":{"line":76,"column":1}},"27":{"start":{"line":70,"column":4},"end":{"line":75,"column":5}}},"fnMap":{"0":{"name":"(anonymous_0)","decl":{"start":{"line":12,"column":4},"end":{"line":12,"column":5}},"loc":{"start":{"line":12,"column":23},"end":{"line":16,"column":5}},"line":12},"1":{"name":"(anonymous_1)","decl":{"start":{"line":18,"column":17},"end":{"line":18,"column":18}},"loc":{"start":{"line":18,"column":28},"end":{"line":34,"column":5}},"line":18},"2":{"name":"(anonymous_2)","decl":{"start":{"line":36,"column":4},"end":{"line":36,"column":5}},"loc":{"start":{"line":36,"column":25},"end":{"line":47,"column":5}},"line":36},"3":{"name":"(anonymous_3)","decl":{"start":{"line":49,"column":4},"end":{"line":49,"column":5}},"loc":{"start":{"line":49,"column":13},"end":{"line":59,"column":5}},"line":49},"4":{"name":"(anonymous_4)","decl":{"start":{"line":62,"column":24},"end":{"line":62,"column":25}},"loc":{"start":{"line":62,"column":35},"end":{"line":67,"column":1}},"line":62},"5":{"name":"(anonymous_5)","decl":{"start":{"line":69,"column":27},"end":{"line":69,"column":28}},"loc":{"start":{"line":69,"column":41},"end":{"line":76,"column":1}},"line":69}},"branchMap":{"0":{"loc":{"start":{"line":21,"column":8},"end":{"line":33,"column":9}},"type":"if","locations":[{"start":{"line":21,"column":8},"end":{"line":33,"column":9}},{"start":{"line":21,"column":8},"end":{"line":33,"column":9}}],"line":21},"1":{"loc":{"start":{"line":22,"column":27},"end":{"line":24,"column":52}},"type":"cond-expr","locations":[{"start":{"line":23,"column":18},"end":{"line":23,"column":51}},{"start":{"line":24,"column":18},"end":{"line":24,"column":52}}],"line":22},"2":{"loc":{"start":{"line":27,"column":15},"end":{"line":33,"column":9}},"type":"if","locations":[{"start":{"line":27,"column":15},"end":{"line":33,"column":9}},{"start":{"line":27,"column":15},"end":{"line":33,"column":9}}],"line":27},"3":{"loc":{"start":{"line":28,"column":27},"end":{"line":30,"column":50}},"type":"cond-expr","locations":[{"start":{"line":29,"column":18},"end":{"line":29,"column":56}},{"start":{"line":30,"column":18},"end":{"line":30,"column":50}}],"line":28},"4":{"loc":{"start":{"line":41,"column":8},"end":{"line":45,"column":9}},"type":"if","locations":[{"start":{"line":41,"column":8},"end":{"line":45,"column":9}},{"start":{"line":41,"column":8},"end":{"line":45,"column":9}}],"line":41}},"s":{"0":0,"1":0,"2":0,"3":0,"4":0,"5":0,"6":0,"7":0,"8":0,"9":0,"10":0,"11":0,"12":0,"13":0,"14":0,"15":0,"16":0,"17":0,"18":0,"19":0,"20":0,"21":0,"22":0,"23":0,"24":3,"25":0,"26":3,"27":0},"f":{"0":0,"1":0,"2":0,"3":0,"4":0,"5":0},"b":{"0":[0,0],"1":[0,0],"2":[0,0],"3":[0,0],"4":[0,0]},"_coverageSchema":"43e27e138ebf9cfc5966b082cf9a028302ed4184","hash":"4113c640030bc816096388a444c796686f0f4140"}
,"E:\\FrontCamp_2019\\Lesson1\\front_camp_2019_react_module\\root\\src\\features\\film\\shared\\containers\\option-container\\index.js": {"path":"E:\\FrontCamp_2019\\Lesson1\\front_camp_2019_react_module\\root\\src\\features\\film\\shared\\containers\\option-container\\index.js","statementMap":{},"fnMap":{},"branchMap":{},"s":{},"f":{},"b":{},"_coverageSchema":"43e27e138ebf9cfc5966b082cf9a028302ed4184","hash":"0721eaca3f4cdf70c63aa8c9f15b4b18b41b2e63"}
,"E:\\FrontCamp_2019\\Lesson1\\front_camp_2019_react_module\\root\\src\\features\\shared\\constants\\Actions.js": {"path":"E:\\FrontCamp_2019\\Lesson1\\front_camp_2019_react_module\\root\\src\\features\\shared\\constants\\Actions.js","statementMap":{"0":{"start":{"line":1,"column":16},"end":{"line":12,"column":1}}},"fnMap":{},"branchMap":{},"s":{"0":7},"f":{},"b":{},"_coverageSchema":"43e27e138ebf9cfc5966b082cf9a028302ed4184","hash":"f6d36f836b59122e40fc21901858b68c9a384996"}
,"E:\\FrontCamp_2019\\Lesson1\\front_camp_2019_react_module\\root\\src\\features\\shared\\constants\\Constants.js": {"path":"E:\\FrontCamp_2019\\Lesson1\\front_camp_2019_react_module\\root\\src\\features\\shared\\constants\\Constants.js","statementMap":{"0":{"start":{"line":1,"column":18},"end":{"line":19,"column":1}}},"fnMap":{},"branchMap":{},"s":{"0":7},"f":{},"b":{},"_coverageSchema":"43e27e138ebf9cfc5966b082cf9a028302ed4184","hash":"0ef56a68703eaf99e17be6d473e0ec0994b2425d"}
,"E:\\FrontCamp_2019\\Lesson1\\front_camp_2019_react_module\\root\\src\\features\\shared\\constants\\Content.js": {"path":"E:\\FrontCamp_2019\\Lesson1\\front_camp_2019_react_module\\root\\src\\features\\shared\\constants\\Content.js","statementMap":{"0":{"start":{"line":1,"column":16},"end":{"line":16,"column":1}}},"fnMap":{},"branchMap":{},"s":{"0":7},"f":{},"b":{},"_coverageSchema":"43e27e138ebf9cfc5966b082cf9a028302ed4184","hash":"b04845320c5269f9309d2bdd2c8be27e04485bab"}
,"E:\\FrontCamp_2019\\Lesson1\\front_camp_2019_react_module\\root\\src\\features\\shared\\constants\\ElementsOption.js": {"path":"E:\\FrontCamp_2019\\Lesson1\\front_camp_2019_react_module\\root\\src\\features\\shared\\constants\\ElementsOption.js","statementMap":{"0":{"start":{"line":1,"column":23},"end":{"line":15,"column":5}}},"fnMap":{},"branchMap":{},"s":{"0":7},"f":{},"b":{},"_coverageSchema":"43e27e138ebf9cfc5966b082cf9a028302ed4184","hash":"0e72d6a5945d785711dedf05daee02e327ec9fe6"}
,"E:\\FrontCamp_2019\\Lesson1\\front_camp_2019_react_module\\root\\src\\features\\shared\\constants\\index.js": {"path":"E:\\FrontCamp_2019\\Lesson1\\front_camp_2019_react_module\\root\\src\\features\\shared\\constants\\index.js","statementMap":{},"fnMap":{},"branchMap":{},"s":{},"f":{},"b":{},"_coverageSchema":"43e27e138ebf9cfc5966b082cf9a028302ed4184","hash":"fa076dfb118485a6eed6097e72c82d7aa18e0683"}
}
