TN:
SF:E:\FrontCamp_2019\Lesson1\front_camp_2019_react_module\root\src\features\film\film-detail\actions.js
FN:6,(anonymous_0)
FN:13,(anonymous_1)
FN:20,(anonymous_2)
FN:20,(anonymous_3)
FN:23,(anonymous_4)
FN:32,(anonymous_5)
FN:32,(anonymous_6)
FN:35,(anonymous_7)
FN:44,(anonymous_8)
FNF:9
FNH:9
FNDA:3,(anonymous_0)
FNDA:2,(anonymous_1)
FNDA:1,(anonymous_2)
FNDA:1,(anonymous_3)
FNDA:1,(anonymous_4)
FNDA:1,(anonymous_5)
FNDA:1,(anonymous_6)
FNDA:1,(anonymous_7)
FNDA:1,(anonymous_8)
DA:6,5
DA:7,3
DA:13,5
DA:14,2
DA:20,5
DA:21,1
DA:22,1
DA:24,1
DA:25,1
DA:27,0
DA:32,5
DA:33,1
DA:34,1
DA:36,1
DA:37,1
DA:38,1
DA:42,1
DA:43,1
DA:45,1
DA:46,1
DA:48,0
DA:52,0
LF:22
LH:19
BRDA:24,0,0,1
BRDA:24,0,1,0
BRDA:36,1,0,1
BRDA:36,1,1,0
BRDA:45,2,0,1
BRDA:45,2,1,0
BRF:6
BRH:3
end_of_record
TN:
SF:E:\FrontCamp_2019\Lesson1\front_camp_2019_react_module\root\src\features\film\film-detail\component.js
FN:10,(anonymous_0)
FN:15,(anonymous_1)
FNF:2
FNH:0
FNDA:0,(anonymous_0)
FNDA:0,(anonymous_1)
DA:10,5
DA:11,0
DA:12,0
DA:13,0
DA:16,0
DA:28,0
DA:59,5
LF:7
LH:2
BRDA:13,0,0,0
BRDA:13,0,1,0
BRF:2
BRH:0
end_of_record
TN:
SF:E:\FrontCamp_2019\Lesson1\front_camp_2019_react_module\root\src\features\film\film-detail\container.js
FN:12,(anonymous_0)
FN:17,(anonymous_1)
FN:26,(anonymous_2)
FN:32,(anonymous_3)
FN:46,(anonymous_4)
FN:53,(anonymous_5)
FNF:6
FNH:0
FNDA:0,(anonymous_0)
FNDA:0,(anonymous_1)
FNDA:0,(anonymous_2)
FNDA:0,(anonymous_3)
FNDA:0,(anonymous_4)
FNDA:0,(anonymous_5)
DA:13,0
DA:14,0
DA:17,0
DA:18,0
DA:19,0
DA:20,0
DA:21,0
DA:22,0
DA:23,0
DA:27,0
DA:28,0
DA:29,0
DA:33,0
DA:34,0
DA:35,0
DA:46,5
DA:47,0
DA:53,5
LF:18
LH:2
BRF:0
BRH:0
end_of_record
TN:
SF:E:\FrontCamp_2019\Lesson1\front_camp_2019_react_module\root\src\features\film\film-detail\index.js
FNF:0
FNH:0
LF:0
LH:0
BRF:0
BRH:0
end_of_record
TN:
SF:E:\FrontCamp_2019\Lesson1\front_camp_2019_react_module\root\src\features\film\film-detail\reducer.js
FN:9,(anonymous_0)
FNF:1
FNH:1
FNDA:3,(anonymous_0)
DA:4,5
DA:9,5
DA:10,3
DA:12,1
DA:18,1
DA:24,1
LF:6
LH:6
BRDA:9,0,0,1
BRDA:10,1,0,1
BRDA:10,1,1,1
BRDA:10,1,2,1
BRF:4
BRH:4
end_of_record
TN:
SF:E:\FrontCamp_2019\Lesson1\front_camp_2019_react_module\root\src\features\film\film-detail\components\MovieDescriptionComponent.js
FN:4,(anonymous_0)
FNF:1
FNH:0
FNDA:0,(anonymous_0)
DA:4,5
DA:5,0
DA:6,0
DA:13,5
LF:4
LH:2
BRF:0
BRH:0
end_of_record
TN:
SF:E:\FrontCamp_2019\Lesson1\front_camp_2019_react_module\root\src\features\film\film-detail\components\MovieDescriptionGroupComponent.js
FN:10,(anonymous_0)
FNF:1
FNH:0
FNDA:0,(anonymous_0)
DA:10,5
DA:11,0
DA:12,0
DA:46,5
LF:4
LH:2
BRDA:31,0,0,0
BRDA:31,0,1,0
BRDA:35,1,0,0
BRDA:35,1,1,0
BRDA:40,2,0,0
BRDA:40,2,1,0
BRF:6
BRH:0
end_of_record
TN:
SF:E:\FrontCamp_2019\Lesson1\front_camp_2019_react_module\root\src\features\film\film-detail\components\index.js
FNF:0
FNH:0
LF:0
LH:0
BRF:0
BRH:0
end_of_record
TN:
SF:E:\FrontCamp_2019\Lesson1\front_camp_2019_react_module\root\src\features\film\film-list\actions.js
FN:6,setSearchMovies
FN:13,asyncGetMovies
FN:14,(anonymous_2)
FN:17,(anonymous_3)
FN:27,(anonymous_4)
FNF:5
FNH:5
FNDA:2,setSearchMovies
FNDA:1,asyncGetMovies
FNDA:1,(anonymous_2)
FNDA:1,(anonymous_3)
FNDA:1,(anonymous_4)
DA:7,2
DA:14,1
DA:15,1
DA:16,1
DA:18,1
DA:19,1
DA:21,0
DA:27,2
DA:28,1
LF:9
LH:8
BRDA:18,0,0,1
BRDA:18,0,1,0
BRF:2
BRH:1
end_of_record
TN:
SF:E:\FrontCamp_2019\Lesson1\front_camp_2019_react_module\root\src\features\film\film-list\component.js
FN:11,(anonymous_0)
FN:17,(anonymous_1)
FNF:2
FNH:0
FNDA:0,(anonymous_0)
FNDA:0,(anonymous_1)
DA:11,2
DA:12,0
DA:13,0
DA:14,0
DA:15,0
DA:18,0
DA:31,0
DA:59,2
LF:8
LH:2
BRDA:15,0,0,0
BRDA:15,0,1,0
BRF:2
BRH:0
end_of_record
TN:
SF:E:\FrontCamp_2019\Lesson1\front_camp_2019_react_module\root\src\features\film\film-list\container.js
FN:12,(anonymous_0)
FN:17,(anonymous_1)
FN:30,(anonymous_2)
FN:36,(anonymous_3)
FNF:4
FNH:0
FNDA:0,(anonymous_0)
FNDA:0,(anonymous_1)
FNDA:0,(anonymous_2)
FNDA:0,(anonymous_3)
DA:13,0
DA:14,0
DA:18,0
DA:19,0
DA:20,0
DA:21,0
DA:30,2
DA:31,0
DA:36,2
LF:9
LH:2
BRF:0
BRH:0
end_of_record
TN:
SF:E:\FrontCamp_2019\Lesson1\front_camp_2019_react_module\root\src\features\film\film-list\index.js
FNF:0
FNH:0
LF:0
LH:0
BRF:0
BRH:0
end_of_record
TN:
SF:E:\FrontCamp_2019\Lesson1\front_camp_2019_react_module\root\src\features\film\film-list\reducer.js
FN:12,(anonymous_0)
FNF:1
FNH:1
FNDA:7,(anonymous_0)
DA:3,2
DA:12,2
DA:13,7
DA:15,1
DA:20,1
DA:26,1
DA:32,1
DA:38,1
DA:44,1
DA:51,1
LF:10
LH:10
BRDA:12,0,0,1
BRDA:13,1,0,1
BRDA:13,1,1,1
BRDA:13,1,2,1
BRDA:13,1,3,1
BRDA:13,1,4,1
BRDA:13,1,5,1
BRDA:13,1,6,1
BRF:8
BRH:8
end_of_record
TN:
SF:E:\FrontCamp_2019\Lesson1\front_camp_2019_react_module\root\src\features\film\film-list\search-container\component.js
FN:10,(anonymous_0)
FNF:1
FNH:0
FNDA:0,(anonymous_0)
DA:10,2
DA:11,0
DA:12,0
DA:32,2
LF:4
LH:2
BRF:0
BRH:0
end_of_record
TN:
SF:E:\FrontCamp_2019\Lesson1\front_camp_2019_react_module\root\src\features\film\film-list\search-container\container.js
FN:10,(anonymous_0)
FN:15,(anonymous_1)
FN:29,(anonymous_2)
FN:36,(anonymous_3)
FN:46,(anonymous_4)
FN:54,(anonymous_5)
FNF:6
FNH:0
FNDA:0,(anonymous_0)
FNDA:0,(anonymous_1)
FNDA:0,(anonymous_2)
FNDA:0,(anonymous_3)
FNDA:0,(anonymous_4)
FNDA:0,(anonymous_5)
DA:11,0
DA:12,0
DA:15,0
DA:16,0
DA:17,0
DA:18,0
DA:19,0
DA:26,0
DA:29,0
DA:30,0
DA:31,0
DA:32,0
DA:33,0
DA:37,0
DA:46,2
DA:47,0
DA:54,2
LF:17
LH:2
BRF:0
BRH:0
end_of_record
TN:
SF:E:\FrontCamp_2019\Lesson1\front_camp_2019_react_module\root\src\features\film\film-list\search-container\index.js
FNF:0
FNH:0
LF:0
LH:0
BRF:0
BRH:0
end_of_record
TN:
SF:E:\FrontCamp_2019\Lesson1\front_camp_2019_react_module\root\src\features\film\shared\components\ButtonComponent.js
FN:5,(anonymous_0)
FNF:1
FNH:0
FNDA:0,(anonymous_0)
DA:5,5
DA:6,0
DA:7,0
DA:14,5
LF:4
LH:2
BRF:0
BRH:0
end_of_record
TN:
SF:E:\FrontCamp_2019\Lesson1\front_camp_2019_react_module\root\src\features\film\shared\components\CardComponent.js
FN:7,(anonymous_0)
FNF:1
FNH:0
FNDA:0,(anonymous_0)
DA:7,5
DA:8,0
DA:9,0
DA:18,5
LF:4
LH:2
BRF:0
BRH:0
end_of_record
TN:
SF:E:\FrontCamp_2019\Lesson1\front_camp_2019_react_module\root\src\features\film\shared\components\EmptyMoviesGroupComponent.js
FN:7,(anonymous_0)
FNF:1
FNH:0
FNDA:0,(anonymous_0)
DA:7,5
DA:8,0
DA:9,0
DA:19,5
LF:4
LH:2
BRF:0
BRH:0
end_of_record
TN:
SF:E:\FrontCamp_2019\Lesson1\front_camp_2019_react_module\root\src\features\film\shared\components\HeaderComponent.js
FN:4,(anonymous_0)
FNF:1
FNH:0
FNDA:0,(anonymous_0)
DA:4,5
DA:5,0
DA:6,0
DA:13,5
LF:4
LH:2
BRF:0
BRH:0
end_of_record
TN:
SF:E:\FrontCamp_2019\Lesson1\front_camp_2019_react_module\root\src\features\film\shared\components\ImgComponent.js
FN:4,(anonymous_0)
FNF:1
FNH:0
FNDA:0,(anonymous_0)
DA:4,5
DA:5,0
DA:6,0
DA:13,5
LF:4
LH:2
BRF:0
BRH:0
end_of_record
TN:
SF:E:\FrontCamp_2019\Lesson1\front_camp_2019_react_module\root\src\features\film\shared\components\InvalidUrlComponent.js
FN:3,(anonymous_0)
FNF:1
FNH:0
FNDA:0,(anonymous_0)
DA:3,5
DA:4,0
LF:2
LH:1
BRF:0
BRH:0
end_of_record
TN:
SF:E:\FrontCamp_2019\Lesson1\front_camp_2019_react_module\root\src\features\film\shared\components\LabelComponent.js
FN:4,(anonymous_0)
FNF:1
FNH:0
FNDA:0,(anonymous_0)
DA:4,5
DA:5,0
DA:6,0
DA:13,5
LF:4
LH:2
BRF:0
BRH:0
end_of_record
TN:
SF:E:\FrontCamp_2019\Lesson1\front_camp_2019_react_module\root\src\features\film\shared\components\MoviesGroupComponent.js
FN:7,(anonymous_0)
FN:11,(anonymous_1)
FNF:2
FNH:0
FNDA:0,(anonymous_0)
FNDA:0,(anonymous_1)
DA:7,5
DA:8,0
DA:9,0
DA:12,0
DA:22,5
LF:5
LH:2
BRF:0
BRH:0
end_of_record
TN:
SF:E:\FrontCamp_2019\Lesson1\front_camp_2019_react_module\root\src\features\film\shared\components\index.js
FNF:0
FNH:0
LF:0
LH:0
BRF:0
BRH:0
end_of_record
TN:
SF:E:\FrontCamp_2019\Lesson1\front_camp_2019_react_module\root\src\features\film\shared\containers\error-container\actions.js
FN:3,(anonymous_0)
FN:10,(anonymous_1)
FNF:2
FNH:2
FNDA:1,(anonymous_0)
FNDA:1,(anonymous_1)
DA:3,2
DA:4,1
DA:10,2
DA:11,1
LF:4
LH:4
BRF:0
BRH:0
end_of_record
TN:
SF:E:\FrontCamp_2019\Lesson1\front_camp_2019_react_module\root\src\features\film\shared\containers\error-container\component.js
FN:4,(anonymous_0)
FN:7,(anonymous_1)
FNF:2
FNH:0
FNDA:0,(anonymous_0)
FNDA:0,(anonymous_1)
DA:4,2
DA:5,0
DA:6,0
DA:7,0
LF:4
LH:1
BRF:0
BRH:0
end_of_record
TN:
SF:E:\FrontCamp_2019\Lesson1\front_camp_2019_react_module\root\src\features\film\shared\containers\error-container\container.js
FN:9,(anonymous_0)
FN:14,(anonymous_1)
FN:19,(anonymous_2)
FN:33,(anonymous_3)
FN:40,(anonymous_4)
FNF:5
FNH:0
FNDA:0,(anonymous_0)
FNDA:0,(anonymous_1)
FNDA:0,(anonymous_2)
FNDA:0,(anonymous_3)
FNDA:0,(anonymous_4)
DA:10,0
DA:11,0
DA:15,0
DA:16,0
DA:20,0
DA:21,0
DA:22,0
DA:29,0
DA:33,2
DA:34,0
DA:40,2
LF:11
LH:2
BRDA:21,0,0,0
BRDA:21,0,1,0
BRF:2
BRH:0
end_of_record
TN:
SF:E:\FrontCamp_2019\Lesson1\front_camp_2019_react_module\root\src\features\film\shared\containers\error-container\index.js
FNF:0
FNH:0
LF:0
LH:0
BRF:0
BRH:0
end_of_record
TN:
SF:E:\FrontCamp_2019\Lesson1\front_camp_2019_react_module\root\src\features\film\shared\containers\error-container\reducer.js
FN:8,(anonymous_0)
FNF:1
FNH:1
FNDA:3,(anonymous_0)
DA:3,2
DA:8,2
DA:9,3
DA:11,1
DA:17,1
DA:23,1
LF:6
LH:6
BRDA:8,0,0,1
BRDA:9,1,0,1
BRDA:9,1,1,1
BRDA:9,1,2,1
BRF:4
BRH:4
end_of_record
TN:
SF:E:\FrontCamp_2019\Lesson1\front_camp_2019_react_module\root\src\features\film\shared\containers\movie-card-container\component.js
FN:7,(anonymous_0)
FNF:1
FNH:0
FNDA:0,(anonymous_0)
DA:7,5
DA:8,0
DA:9,0
DA:21,5
LF:4
LH:2
BRF:0
BRH:0
end_of_record
TN:
SF:E:\FrontCamp_2019\Lesson1\front_camp_2019_react_module\root\src\features\film\shared\containers\movie-card-container\container.js
FN:12,(anonymous_0)
FN:17,(anonymous_1)
FN:22,(anonymous_2)
FN:34,(anonymous_3)
FN:40,(anonymous_4)
FN:41,(anonymous_5)
FN:47,(anonymous_6)
FN:53,(anonymous_7)
FNF:8
FNH:0
FNDA:0,(anonymous_0)
FNDA:0,(anonymous_1)
FNDA:0,(anonymous_2)
FNDA:0,(anonymous_3)
FNDA:0,(anonymous_4)
FNDA:0,(anonymous_5)
FNDA:0,(anonymous_6)
FNDA:0,(anonymous_7)
DA:13,0
DA:14,0
DA:17,0
DA:18,0
DA:19,0
DA:22,0
DA:23,0
DA:24,0
DA:25,0
DA:26,0
DA:27,0
DA:31,0
DA:35,0
DA:36,0
DA:40,0
DA:41,0
DA:47,5
DA:48,0
DA:53,5
LF:19
LH:2
BRDA:39,0,0,0
BRDA:39,0,1,0
BRF:2
BRH:0
end_of_record
TN:
SF:E:\FrontCamp_2019\Lesson1\front_camp_2019_react_module\root\src\features\film\shared\containers\movie-card-container\index.js
FNF:0
FNH:0
LF:0
LH:0
BRF:0
BRH:0
end_of_record
TN:
SF:E:\FrontCamp_2019\Lesson1\front_camp_2019_react_module\root\src\features\film\shared\containers\option-container\actions.js
FN:3,(anonymous_0)
FN:10,(anonymous_1)
FN:17,(anonymous_2)
FN:24,(anonymous_3)
FNF:4
FNH:4
FNDA:1,(anonymous_0)
FNDA:1,(anonymous_1)
FNDA:1,(anonymous_2)
FNDA:1,(anonymous_3)
DA:3,3
DA:4,1
DA:10,3
DA:11,1
DA:17,3
DA:18,1
DA:24,3
DA:25,1
LF:8
LH:8
BRF:0
BRH:0
end_of_record
TN:
SF:E:\FrontCamp_2019\Lesson1\front_camp_2019_react_module\root\src\features\film\shared\containers\option-container\component.js
FN:9,(anonymous_0)
FNF:1
FNH:0
FNDA:0,(anonymous_0)
DA:9,3
DA:10,0
DA:11,0
DA:12,0
DA:13,0
DA:14,0
DA:15,0
DA:16,0
DA:17,0
DA:20,0
DA:23,0
DA:39,3
LF:12
LH:2
BRDA:11,0,0,0
BRDA:11,0,1,0
BRDA:12,1,0,0
BRDA:12,1,1,0
BRDA:13,2,0,0
BRDA:13,2,1,0
BRDA:14,3,0,0
BRDA:14,3,1,0
BRDA:15,4,0,0
BRDA:15,4,1,0
BRDA:16,5,0,0
BRDA:16,5,1,0
BRDA:17,6,0,0
BRDA:17,6,1,0
BRDA:18,7,0,0
BRDA:18,7,1,0
BRDA:19,8,0,0
BRDA:19,8,1,0
BRDA:20,9,0,0
BRDA:20,9,1,0
BRDA:21,10,0,0
BRDA:21,10,1,0
BRDA:22,11,0,0
BRDA:22,11,1,0
BRF:24
BRH:0
end_of_record
TN:
SF:E:\FrontCamp_2019\Lesson1\front_camp_2019_react_module\root\src\features\film\shared\containers\option-container\container.js
FN:12,(anonymous_0)
FN:18,(anonymous_1)
FN:36,(anonymous_2)
FN:49,(anonymous_3)
FN:62,(anonymous_4)
FN:69,(anonymous_5)
FNF:6
FNH:0
FNDA:0,(anonymous_0)
FNDA:0,(anonymous_1)
FNDA:0,(anonymous_2)
FNDA:0,(anonymous_3)
FNDA:0,(anonymous_4)
FNDA:0,(anonymous_5)
DA:13,0
DA:14,0
DA:15,0
DA:18,0
DA:19,0
DA:20,0
DA:21,0
DA:22,0
DA:25,0
DA:26,0
DA:27,0
DA:28,0
DA:31,0
DA:32,0
DA:37,0
DA:38,0
DA:39,0
DA:40,0
DA:41,0
DA:42,0
DA:44,0
DA:46,0
DA:50,0
DA:51,0
DA:62,3
DA:63,0
DA:69,3
DA:70,0
LF:28
LH:2
BRDA:21,0,0,0
BRDA:21,0,1,0
BRDA:22,1,0,0
BRDA:22,1,1,0
BRDA:27,2,0,0
BRDA:27,2,1,0
BRDA:28,3,0,0
BRDA:28,3,1,0
BRDA:41,4,0,0
BRDA:41,4,1,0
BRF:10
BRH:0
end_of_record
TN:
SF:E:\FrontCamp_2019\Lesson1\front_camp_2019_react_module\root\src\features\film\shared\containers\option-container\index.js
FNF:0
FNH:0
LF:0
LH:0
BRF:0
BRH:0
end_of_record
TN:
SF:E:\FrontCamp_2019\Lesson1\front_camp_2019_react_module\root\src\features\shared\constants\Actions.js
FNF:0
FNH:0
DA:1,7
LF:1
LH:1
BRF:0
BRH:0
end_of_record
TN:
SF:E:\FrontCamp_2019\Lesson1\front_camp_2019_react_module\root\src\features\shared\constants\Constants.js
FNF:0
FNH:0
DA:1,7
LF:1
LH:1
BRF:0
BRH:0
end_of_record
TN:
SF:E:\FrontCamp_2019\Lesson1\front_camp_2019_react_module\root\src\features\shared\constants\Content.js
FNF:0
FNH:0
DA:1,7
LF:1
LH:1
BRF:0
BRH:0
end_of_record
TN:
SF:E:\FrontCamp_2019\Lesson1\front_camp_2019_react_module\root\src\features\shared\constants\ElementsOption.js
FNF:0
FNH:0
DA:1,7
LF:1
LH:1
BRF:0
BRH:0
end_of_record
TN:
SF:E:\FrontCamp_2019\Lesson1\front_camp_2019_react_module\root\src\features\shared\constants\index.js
FNF:0
FNH:0
LF:0
LH:0
BRF:0
BRH:0
end_of_record
